#
# A fatal error has been detected by the Java Runtime Environment:
#
#  SIGBUS (0xa) at pc=0x000000010cac8efc, pid=7673, tid=259
#
# JRE version: Java(TM) SE Runtime Environment (18.0.2.1+1) (build 18.0.2.1+1-1)
# Java VM: Java HotSpot(TM) 64-Bit Server VM (18.0.2.1+1-1, mixed mode, sharing, tiered, compressed oops, compressed class ptrs, g1 gc, bsd-aarch64)
# Problematic frame:
# j  com.sun.glass.ui.Application.notifyWillBecomeActive()V+14 javafx.graphics@19
#
# No core dump will be written. Core dumps have been disabled. To enable core dumping, try "ulimit -c unlimited" before starting Java again
#
# If you would like to submit a bug report, please visit:
#   https://bugreport.java.com/bugreport/crash.jsp
#

---------------  S U M M A R Y ------------

Command Line: --module-path=/Users/feder/Workspace/JavaLibrary/javafx-sdk-19/lib --add-modules=javafx.controls,javafx.fxml -javaagent:/Applications/IntelliJ IDEA.app/Contents/lib/idea_rt.jar=51010:/Applications/IntelliJ IDEA.app/Contents/bin -Dfile.encoding=UTF-8 -Dsun.stdout.encoding=UTF-8 -Dsun.stderr.encoding=UTF-8 server.ServerApp

Host: "MacBookAir10,1" arm64, 8 cores, 8G, Darwin 21.6.0, macOS 12.6.1 (21G217)
Time: Mon Dec 12 15:42:24 2022 CET elapsed time: 30.774280 seconds (0d 0h 0m 30s)

---------------  T H R E A D  ---------------

Current thread (0x000000012e939800):  JavaThread "JavaFX Application Thread" [_thread_in_Java, id=259, stack(0x000000016c77c000,0x000000016cf78000)]

Stack: [0x000000016c77c000,0x000000016cf78000],  sp=0x000000016cf73c90,  free space=8159k
Native frames: (J=compiled Java code, j=interpreted, Vv=VM code, C=native code)
j  com.sun.glass.ui.Application.notifyWillBecomeActive()V+14 javafx.graphics@19
v  ~StubRoutines::call_stub
V  [libjvm.dylib+0x49eb20]  _ZN9JavaCalls11call_helperEP9JavaValueRK12methodHandleP17JavaCallArgumentsP10JavaThread+0x38c
V  [libjvm.dylib+0x4f8498]  _ZL20jni_invoke_nonstaticP7JNIEnv_P9JavaValueP8_jobject11JNICallTypeP10_jmethodIDP18JNI_ArgumentPusherP10JavaThread+0x2f8
V  [libjvm.dylib+0x4fc7f4]  jni_CallVoidMethod+0x124
C  [libglass.dylib+0xa12c]  JNI_OnLoad+0x810
C  [CoreFoundation+0x79468]  __CFNOTIFICATIONCENTER_IS_CALLING_OUT_TO_AN_OBSERVER__+0x1c
C  [CoreFoundation+0x11dbb8]  ___CFXRegistrationPost_block_invoke+0x34
C  [CoreFoundation+0x11db24]  _CFXRegistrationPost+0x1c8
C  [CoreFoundation+0x480f8]  _CFXNotificationPost+0x2dc
C  [Foundation+0x9c28]  -[NSNotificationCenter postNotificationName:object:userInfo:]+0x60
C  [AppKit+0x1deb1c]  -[NSApplication _handleActivatedEvent:]+0x370
C  [AppKit+0x1b06a0]  -[NSApplication(NSEvent) sendEvent:]+0xcc8
C  [AppKit+0x46a0f4]  -[NSApplication _handleEvent:]+0x4c
C  [AppKit+0x32008]  -[NSApplication run]+0x27c
C  [libglass.dylib+0xbb70]  JNI_OnLoad+0x2254
C  [Foundation+0x84f64]  __NSThreadPerformPerform+0xd4
C  [CoreFoundation+0x84f94]  __CFRUNLOOP_IS_CALLING_OUT_TO_A_SOURCE0_PERFORM_FUNCTION__+0x1c
C  [CoreFoundation+0x84ee0]  __CFRunLoopDoSource0+0xd0
C  [CoreFoundation+0x84be0]  __CFRunLoopDoSources0+0x10c
C  [CoreFoundation+0x83560]  __CFRunLoopRun+0x33c
C  [CoreFoundation+0x82a84]  CFRunLoopRunSpecific+0x258
C  [libjli.dylib+0x6e58]  CreateExecutionEnvironment+0x190
C  [libjli.dylib+0x322c]  JLI_Launch+0x4bc
C  [java+0x3bb0]  main+0x190
C  0x000000010329108c

Java frames: (J=compiled Java code, j=interpreted, Vv=VM code)
j  javafx.scene.Node$22.getAccessControlContext()Ljava/security/AccessControlContext;+38 javafx.graphics@19
j  com.sun.glass.ui.Accessible.getAccessControlContext()Ljava/security/AccessControlContext;+6 javafx.graphics@19
j  com.sun.glass.ui.Accessible.getAttribute(Ljavafx/scene/AccessibleAttribute;[Ljava/lang/Object;)Ljava/lang/Object;+1 javafx.graphics@19
j  com.sun.glass.ui.Accessible.isIgnored()Z+8 javafx.graphics@19
j  com.sun.glass.ui.mac.MacAccessible.accessibilityIsIgnored()Z+1 javafx.graphics@19
v  ~StubRoutines::call_stub

siginfo: si_signo: 10 (SIGBUS), si_code: 1 (BUS_ADRALN), si_addr: 0x000000010cac8efc

Register to memory mapping:

 x0=0x000000016cf73b78 is pointing into the stack for thread: 0x000000012e939800
 x1=
[error occurred during error reporting (printing register info), id 0xa, SIGBUS (0xa) at pc=0x000000010cab54e4]

Registers:
 x0=0x000000016cf73b78  x1=0x00000000000000b6  x2=0x000000016cf73b50  x3=0x0000000000000007
 x4=0x0000000000000000  x5=0x0000000000000001  x6=0x000000012e939800  x7=0x000000012e939800
 x8=0x0000000000000001  x9=0x0000000000000008 x10=0x0000000000000002 x11=0x0000000000000003
x12=0x0000000000000002 x13=0x00000001308787f0 x14=0x000000000000001f x15=0x000000024e1b0000
x16=0x0000000192de4ba0 x17=0x0000000000000109 x18=0x0000000000000000 x19=0x00000000000000b6
x20=0x000000016cf73cc0 x21=0x0000000104e667a0 x22=0x00000001308f1b6e x23=0x000000010cabc7c0
x24=0x000000016cf73d48 x25=0x0000000000000001 x26=0x00000001308f55f8 x27=0x0000000000000000
x28=0x000000012e939800  fp=0x000000016cf73d30  lr=0x000000010cac8efc  sp=0x000000016cf73c90
pc=0x000000010cac8efc cpsr=0x0000000060001000
Top of Stack: (sp=0x000000016cf73c90)
0x000000016cf73c90:   000000010cac8efc 00000001308f1b80
0x000000016cf73ca0:   
[error occurred during error reporting (printing registers, top of stack, instructions near pc), id 0xa, SIGBUS (0xa) at pc=0x000000010cab54e4]

Stack slot to memory mapping:
stack at sp + 0 slots: 0x000000010cac8efc is at code_begin+124 in an Interpreter codelet
invokevirtual  182 invokevirtual  [0x000000010cac8e80, 0x000000010cac9340]  1216 bytes
stack at sp + 1 slots: 
[error occurred during error reporting (inspecting top of stack), id 0xa, SIGBUS (0xa) at pc=0x000000010cab54e4]

invokevirtual  182 invokevirtual  [0x000000010cac8e80, 0x000000010cac9340]  1216 bytes
[MachCode]
  0x000000010cac8e80: 808e 1ff8 | 0900 0014 | 808e 1fbc | 0700 0014 | 800e 1ffc | 0500 0014 | 9f8e 1ff8 | 808e 1ff8 
  0x000000010cac8ea0: 0200 0014 | 808e 1ff8 | b683 1bf8 | c412 4078 | 4917 048b | 33a1 0091 | 73fe df88 | 737e 58d3 
  0x000000010cac8ec0: 7fda 02f1 | 8003 0054 | d316 80d2 | e103 13aa | b683 1bf8 | e003 1caa | 2801 0010 | 883f 01f9 
  0x000000010cac8ee0: 943b 01f9 | 9d43 01f9 | e833 bfa9 | 8852 99d2 | 488e a0f2 | 2800 c0f2 | 0001 3fd6 | e833 c1a8 
  0x000000010cac8f00: feff ff10 | 9f3b 01f9 | 9f43 01f9 | 9f3f 01f9 | 8807 40f9 | a800 00b4 | 0810 88d2 | 6895 a1f2 
  0x000000010cac8f20: 2800 c0f2 | 0001 1fd6 | b6e3 7ba9 | c412 4078 | 4917 048b | 2c1d 40f9 | 2341 40b9 | 621c 0012 
  0x000000010cac8f40: 886e 228b | 0281 5ff8 | 697c 1c53 | 0894 97d2 | c89c a0f2 | 2800 c0f2 | 1e79 69f8 | 630c a036 
  0x000000010cac8f60: 5f00 40f9 | a003 5ef8 | e000 00b4 | 0804 40f9 | 0805 00b1 | 4200 0054 | 0804 00f9 | 00e0 0091 
  0x000000010cac8f80: a003 1ef8 | a003 5ef8 | 800a 00b4 | 0880 5c38 | 1f2d 00f1 | 210a 0054 | 0400 40f9 | 8400 00d1 
  0x000000010cac8fa0: 9f08 00f1 | 0820 0091 | 2b09 0054 | 8405 40f9 | 8458 4079 | 0804 40f9 | 8400 08cb | 8404 00d1 
  0x000000010cac8fc0: 886e 248b | 0401 40f9 | a400 00b5 | 0808 40f9 | 0801 40b2 | 0808 00f9 | 1500 0014 | 8408 40b9 
  0x000000010cac8fe0: 8400 5dd2 | 0808 40f9 | 8400 08ca | 9ff4 7ef2 | e001 0054 | c401 0837 | 0808 40f9 | 6801 00b4 
  0x000000010cac9000: 1f05 00f1 | 2001 0054 | 0808 40f9 | 8400 08ca | 9ff4 7ef2 | c000 0054 | 0808 40f9 | 0801 7fb2 
  0x000000010cac9020: 0808 00f9 | 0200 0014 | 0408 00f9 | 0400 40f9 | 8408 00d1 | 9f08 00f1 | 0860 0091 | 8b04 0054 
  0x000000010cac9040: 8405 40f9 | 8458 4079 | 080c 40f9 | 8400 08cb | 8404 00d1 | 886e 248b | 0401 40f9 | a400 00b5 
  0x000000010cac9060: 0810 40f9 | 0801 40b2 | 0810 00f9 | 1500 0014 | 8408 40b9 | 8400 5dd2 | 0810 40f9 | 8400 08ca 
  0x000000010cac9080: 9ff4 7ef2 | e001 0054 | c401 0837 | 0810 40f9 | 6801 00b4 | 1f05 00f1 | 2001 0054 | 0810 40f9 
  0x000000010cac90a0: 8400 08ca | 9ff4 7ef2 | c000 0054 | 0810 40f9 | 0801 7fb2 | 0810 00f9 | 0200 0014 | 0410 00f9 
  0x000000010cac90c0: 0400 40f9 | 8410 00d1 | 08a0 0091 | e003 08aa | 000c 048b | a003 1ef8 | ed03 0091 | b403 1ff8 
  0x000000010cac90e0: 8829 40f9 | 0001 1fd6 | 4008 40b9 | 0000 5dd2 | b803 5ef8 | 3805 00b4 | 030f 40f9 | 1f00 03eb 
  0x000000010cac9100: c100 0054 | 0813 40f9 | 0805 00b1 | 4200 0054 | 0813 00f9 | 1f00 0014 | 6302 00b4 | 0317 40f9 
  0x000000010cac9120: 1f00 03eb | c100 0054 | 081b 40f9 | 0805 00b1 | 4200 0054 | 081b 00f9 | 1600 0014 | c300 00b4 
  0x000000010cac9140: 0807 40f9 | 0805 00b1 | 4200 0054 | 0807 00f9 | 1000 0014 | 0017 00f9 | e303 40b2 | 031b 00f9 
  0x000000010cac9160: 0c00 0014 | 0817 40f9 | 1f00 08eb | c100 0054 | 081b 40f9 | 0805 00b1 | 4200 0054 | 081b 00f9 
  0x000000010cac9180: 0400 0014 | 000f 00f9 | e303 40b2 | 0313 00f9 | 18e3 0091 | b803 1ef8 | 0c6c 2c8b | 8cdd 40f9 
  0x000000010cac91a0: a303 5ef8 | 830a 00b4 | 6880 5c38 | 1f2d 00f1 | 210a 0054 | 6400 40f9 | 8400 00d1 | 9f08 00f1 
  0x000000010cac91c0: 6820 0091 | 2b09 0054 | 8405 40f9 | 8458 4079 | 6804 40f9 | 8400 08cb | 8404 00d1 | 886e 248b 
  0x000000010cac91e0: 0401 40f9 | a400 00b5 | 6808 40f9 | 0801 40b2 | 6808 00f9 | 1500 0014 | 8408 40b9 | 8400 5dd2 
  0x000000010cac9200: 6808 40f9 | 8400 08ca | 9ff4 7ef2 | e001 0054 | c401 0837 | 6808 40f9 | 6801 00b4 | 1f05 00f1 
  0x000000010cac9220: 2001 0054 | 6808 40f9 | 8400 08ca | 9ff4 7ef2 | c000 0054 | 6808 40f9 | 0801 7fb2 | 6808 00f9 
  0x000000010cac9240: 0200 0014 | 6408 00f9 | 6400 40f9 | 8408 00d1 | 9f08 00f1 | 6860 0091 | 8b04 0054 | 8405 40f9 
  0x000000010cac9260: 8458 4079 | 680c 40f9 | 8400 08cb | 8404 00d1 | 886e 248b | 0401 40f9 | a400 00b5 | 6810 40f9 
  0x000000010cac9280: 0801 40b2 | 6810 00f9 | 1500 0014 | 8408 40b9 | 8400 5dd2 | 6810 40f9 | 8400 08ca | 9ff4 7ef2 
  0x000000010cac92a0: e001 0054 | c401 0837 | 6810 40f9 | 6801 00b4 | 1f05 00f1 | 2001 0054 | 6810 40f9 | 8400 08ca 
  0x000000010cac92c0: 9ff4 7ef2 | c000 0054 | 6810 40f9 | 0801 7fb2 | 6810 00f9 | 0200 0014 | 6410 00f9 | 6400 40f9 
  0x000000010cac92e0: 8410 00d1 | 68a0 0091 | e303 08aa | 630c 048b | a303 1ef8 | ed03 0091 | b403 1ff8 | 8829 40f9 
  0x000000010cac9300: 0001 1fd6 | 1f20 03d5 | 0000 0000 | 0000 0000 | 0000 0000 | 0000 0000 | 0000 0000 | 0000 0000 
  0x000000010cac9320: 0000 0000 | 0000 0000 | 0000 0000 | 0000 0000 | 0000 0000 | 0000 0000 | 0000 0000 | 0000 0000 
[/MachCode]

---------------  P R O C E S S  ---------------

Threads class SMR info:
_java_thread_list=0x0000600000edd800, length=20, elements={
0x000000012e808e00, 0x000000012e03a600, 0x000000012f008200, 0x000000012e03d800,
0x000000012e03de00, 0x000000012e03ec00, 0x000000012e03f200, 0x000000012e03f800,
0x000000012e047e00, 0x000000012e851c00, 0x000000012e03c400, 0x000000012e88ee00,
0x000000012e809400, 0x000000012e892a00, 0x000000012e939800, 0x000000012e12ae00,
0x000000012e977400, 0x000000012f18ba00, 0x000000012fb87600, 0x000000012fbb2600
}

Java Threads: ( => current thread )
  0x000000012e808e00 JavaThread "main" [_thread_blocked, id=9987, stack(0x000000016d004000,0x000000016d207000)]
  0x000000012e03a600 JavaThread "Reference Handler" daemon [_thread_blocked, id=15619, stack(0x000000016de58000,0x000000016e05b000)]
  0x000000012f008200 JavaThread "Finalizer" daemon [_thread_blocked, id=15875, stack(0x000000016e064000,0x000000016e267000)]
  0x000000012e03d800 JavaThread "Signal Dispatcher" daemon [_thread_blocked, id=42243, stack(0x000000016e388000,0x000000016e58b000)]
  0x000000012e03de00 JavaThread "Service Thread" daemon [_thread_blocked, id=41987, stack(0x000000016e594000,0x000000016e797000)]
  0x000000012e03ec00 JavaThread "Monitor Deflation Thread" daemon [_thread_blocked, id=23043, stack(0x000000016e7a0000,0x000000016e9a3000)]
  0x000000012e03f200 JavaThread "C2 CompilerThread0" daemon [_thread_blocked, id=41219, stack(0x000000016e9ac000,0x000000016ebaf000)]
  0x000000012e03f800 JavaThread "C1 CompilerThread0" daemon [_thread_blocked, id=40707, stack(0x000000016ebb8000,0x000000016edbb000)]
  0x000000012e047e00 JavaThread "Sweeper thread" daemon [_thread_blocked, id=40451, stack(0x000000016edc4000,0x000000016efc7000)]
  0x000000012e851c00 JavaThread "Common-Cleaner" daemon [_thread_blocked, id=23555, stack(0x000000016efd0000,0x000000016f1d3000)]
  0x000000012e03c400 JavaThread "Monitor Ctrl-Break" daemon [_thread_in_native, id=24067, stack(0x000000016f1dc000,0x000000016f3df000)]
  0x000000012e88ee00 JavaThread "Notification Thread" daemon [_thread_blocked, id=39939, stack(0x000000016f3e8000,0x000000016f5eb000)]
  0x000000012e809400 JavaThread "QuantumRenderer-0" daemon [_thread_blocked, id=24835, stack(0x000000016f800000,0x000000016fa03000)]
  0x000000012e892a00 JavaThread "InvokeLaterDispatcher" daemon [_thread_blocked, id=30215, stack(0x000000016fa0c000,0x000000016fc0f000)]
=>0x000000012e939800 JavaThread "JavaFX Application Thread" [_thread_in_Java, id=259, stack(0x000000016c77c000,0x000000016cf78000)]
  0x000000012e12ae00 JavaThread "JavaFX-Launcher" [_thread_blocked, id=55555, stack(0x000000016feb0000,0x00000001700b3000)]
  0x000000012e977400 JavaThread "Prism Font Disposer" daemon [_thread_blocked, id=71179, stack(0x0000000170af8000,0x0000000170cfb000)]
  0x000000012f18ba00 JavaThread "Thread-4" daemon [_thread_in_native, id=70915, stack(0x0000000170d04000,0x0000000170f07000)]
  0x000000012fb87600 JavaThread "Cleaner-0" daemon [_thread_blocked, id=62491, stack(0x0000000170f9c000,0x000000017119f000)]
  0x000000012fbb2600 JavaThread "pool-2-thread-1" [_thread_in_vm, id=69131, stack(0x00000001711a8000,0x00000001713ab000)]

Other Threads:
  0x00000001300061d0 VMThread "VM Thread" [stack: 0x000000016dc4c000,0x000000016de4f000] [id=17411]
  0x000000013000a370 WatcherThread "VM Periodic Task Thread" [stack: 0x000000016f5f4000,0x000000016f7f7000] [id=39683]
  0x000000012df06520 WorkerThread "GC Thread#0" [stack: 0x000000016d210000,0x000000016d413000] [id=20227]
  0x000000012df40100 WorkerThread "GC Thread#1" [stack: 0x00000001700bc000,0x00000001702bf000] [id=75267]
  0x000000012df40570 WorkerThread "GC Thread#2" [stack: 0x00000001702c8000,0x00000001704cb000] [id=74755]
  0x000000011de33330 WorkerThread "GC Thread#3" [stack: 0x00000001704d4000,0x00000001706d7000] [id=74243]
  0x000000011de337b0 WorkerThread "GC Thread#4" [stack: 0x00000001706e0000,0x00000001708e3000] [id=73731]
  0x000000011de33c20 WorkerThread "GC Thread#5" [stack: 0x00000001708ec000,0x0000000170aef000] [id=56067]
  0x000000011dd06640 WorkerThread "GC Thread#6" [stack: 0x00000001713b4000,0x00000001715b7000] [id=64823]
  0x000000011dd044c0 WorkerThread "GC Thread#7" [stack: 0x00000001715c0000,0x00000001717c3000] [id=65307]
  0x000000012df06bc0 ConcurrentGCThread "G1 Main Marker" [stack: 0x000000016d41c000,0x000000016d61f000] [id=19715]
  0x000000012df07430 WorkerThread "G1 Conc#0" [stack: 0x000000016d628000,0x000000016d82b000] [id=19203]
  0x000000012de109d0 ConcurrentGCThread "G1 Refine#0" [stack: 0x000000016d834000,0x000000016da37000] [id=13571]
  0x000000012de5d9d0 ConcurrentGCThread "G1 Refine#1" [stack: 0x00000001717cc000,0x00000001719cf000] [id=64515]
  0x000000012df40d70 ConcurrentGCThread "G1 Refine#2" [stack: 0x00000001719d8000,0x0000000171bdb000] [id=174083]
  0x0000000130013fd0 ConcurrentGCThread "G1 Refine#3" [stack: 0x0000000171be4000,0x0000000171de7000] [id=173571]
  0x000000011dd07090 ConcurrentGCThread "G1 Refine#4" [stack: 0x0000000171df0000,0x0000000171ff3000] [id=172803]
  0x0000000130106cd0 ConcurrentGCThread "G1 Refine#5" [stack: 0x0000000171ffc000,0x00000001721ff000] [id=172291]
  0x000000011ff07d40 ConcurrentGCThread "G1 Refine#6" [stack: 0x0000000172208000,0x000000017240b000] [id=172035]
  0x000000012de11250 ConcurrentGCThread "G1 Service" [stack: 0x000000016da40000,0x000000016dc43000] [id=13827]

Threads with active compile tasks:

VM state: not at safepoint (normal execution)

VM Mutex/Monitor currently owned by a thread: None

OutOfMemory and StackOverflow Exception counts:
StackOverflowErrors=11308
LinkageErrors=35

Heap address: 0x0000000780000000, size: 2048 MB, Compressed Oops mode: Zero based, Oop shift amount: 3

CDS archive(s) mapped at: [0x0000000800000000-0x0000000800ba8000-0x0000000800ba8000), size 12222464, SharedBaseAddress: 0x0000000800000000, ArchiveRelocationMode: 0.
Compressed class space mapped at: 0x0000000800c00000-0x0000000840c00000, reserved size: 1073741824
Narrow klass base: 0x0000000800000000, Narrow klass shift: 0, Narrow klass range: 0x100000000

GC Precious Log:
 CardTable entry size: 512
 Card Set container configuration: InlinePtr #cards 5 size 8 Array Of Cards #cards 12 size 40 Howl #buckets 4 coarsen threshold 1843 Howl Bitmap #cards 512 size 80 coarsen threshold 460 Card regions per heap region 1 cards per card region 2048
 CPUs: 8 total, 8 available
 Memory: 8192M
 Large Page Support: Disabled
 NUMA Support: Disabled
 Compressed Oops: Enabled (Zero based)
 Heap Region Size: 1M
 Heap Min Capacity: 8M
 Heap Initial Capacity: 128M
 Heap Max Capacity: 2G
 Pre-touch: Disabled
 Parallel Workers: 8
 Concurrent Workers: 2
 Concurrent Refinement Workers: 8
 Periodic GC: Disabled

Heap:
 garbage-first heap   total 133120K, used 19444K [0x0000000780000000, 0x0000000800000000)
  region size 1024K, 11 young (11264K), 6 survivors (6144K)
 Metaspace       used 16810K, committed 17152K, reserved 1114112K
  class space    used 2485K, committed 2624K, reserved 1048576K

Heap Regions: E=young(eden), S=young(survivor), O=old, HS=humongous(starts), HC=humongous(continues), CS=collection set, F=free, OA=open archive, CA=closed archive, TAMS=top-at-mark-start (previous, next)
|   0|0x0000000780000000, 0x0000000780100000, 0x0000000780100000|100%| O|  |TAMS 0x0000000780000000, 0x0000000780000000| Untracked 
|   1|0x0000000780100000, 0x0000000780200000, 0x0000000780200000|100%|HS|  |TAMS 0x0000000780100000, 0x0000000780100000| Complete 
|   2|0x0000000780200000, 0x0000000780300000, 0x0000000780300000|100%|HC|  |TAMS 0x0000000780200000, 0x0000000780200000| Complete 
|   3|0x0000000780300000, 0x0000000780400000, 0x0000000780400000|100%| O|  |TAMS 0x0000000780300000, 0x0000000780300000| Untracked 
|   4|0x0000000780400000, 0x0000000780500000, 0x0000000780500000|100%| O|  |TAMS 0x0000000780400000, 0x0000000780400000| Untracked 
|   5|0x0000000780500000, 0x0000000780600000, 0x0000000780600000|100%| O|  |TAMS 0x0000000780500000, 0x0000000780500000| Untracked 
|   6|0x0000000780600000, 0x0000000780700000, 0x0000000780700000|100%| O|  |TAMS 0x0000000780600000, 0x0000000780600000| Untracked 
|   7|0x0000000780700000, 0x0000000780800000, 0x0000000780800000|100%| O|  |TAMS 0x0000000780700000, 0x0000000780700000| Untracked 
|   8|0x0000000780800000, 0x0000000780815200, 0x0000000780900000|  8%| O|  |TAMS 0x0000000780800000, 0x0000000780800000| Untracked 
|   9|0x0000000780900000, 0x0000000780900000, 0x0000000780a00000|  0%| F|  |TAMS 0x0000000780900000, 0x0000000780900000| Untracked 
|  10|0x0000000780a00000, 0x0000000780a00000, 0x0000000780b00000|  0%| F|  |TAMS 0x0000000780a00000, 0x0000000780a00000| Untracked 
|  11|0x0000000780b00000, 0x0000000780b00000, 0x0000000780c00000|  0%| F|  |TAMS 0x0000000780b00000, 0x0000000780b00000| Untracked 
|  12|0x0000000780c00000, 0x0000000780c00000, 0x0000000780d00000|  0%| F|  |TAMS 0x0000000780c00000, 0x0000000780c00000| Untracked 
|  13|0x0000000780d00000, 0x0000000780d00000, 0x0000000780e00000|  0%| F|  |TAMS 0x0000000780d00000, 0x0000000780d00000| Untracked 
|  14|0x0000000780e00000, 0x0000000780e00000, 0x0000000780f00000|  0%| F|  |TAMS 0x0000000780e00000, 0x0000000780e00000| Untracked 
|  15|0x0000000780f00000, 0x0000000780f00000, 0x0000000781000000|  0%| F|  |TAMS 0x0000000780f00000, 0x0000000780f00000| Untracked 
|  16|0x0000000781000000, 0x0000000781000000, 0x0000000781100000|  0%| F|  |TAMS 0x0000000781000000, 0x0000000781000000| Untracked 
|  17|0x0000000781100000, 0x0000000781100000, 0x0000000781200000|  0%| F|  |TAMS 0x0000000781100000, 0x0000000781100000| Untracked 
|  18|0x0000000781200000, 0x0000000781200000, 0x0000000781300000|  0%| F|  |TAMS 0x0000000781200000, 0x0000000781200000| Untracked 
|  19|0x0000000781300000, 0x0000000781300000, 0x0000000781400000|  0%| F|  |TAMS 0x0000000781300000, 0x0000000781300000| Untracked 
|  20|0x0000000781400000, 0x0000000781400000, 0x0000000781500000|  0%| F|  |TAMS 0x0000000781400000, 0x0000000781400000| Untracked 
|  21|0x0000000781500000, 0x0000000781500000, 0x0000000781600000|  0%| F|  |TAMS 0x0000000781500000, 0x0000000781500000| Untracked 
|  22|0x0000000781600000, 0x0000000781600000, 0x0000000781700000|  0%| F|  |TAMS 0x0000000781600000, 0x0000000781600000| Untracked 
|  23|0x0000000781700000, 0x0000000781700000, 0x0000000781800000|  0%| F|  |TAMS 0x0000000781700000, 0x0000000781700000| Untracked 
|  24|0x0000000781800000, 0x0000000781800000, 0x0000000781900000|  0%| F|  |TAMS 0x0000000781800000, 0x0000000781800000| Untracked 
|  25|0x0000000781900000, 0x0000000781900000, 0x0000000781a00000|  0%| F|  |TAMS 0x0000000781900000, 0x0000000781900000| Untracked 
|  26|0x0000000781a00000, 0x0000000781a00000, 0x0000000781b00000|  0%| F|  |TAMS 0x0000000781a00000, 0x0000000781a00000| Untracked 
|  27|0x0000000781b00000, 0x0000000781b00000, 0x0000000781c00000|  0%| F|  |TAMS 0x0000000781b00000, 0x0000000781b00000| Untracked 
|  28|0x0000000781c00000, 0x0000000781c00000, 0x0000000781d00000|  0%| F|  |TAMS 0x0000000781c00000, 0x0000000781c00000| Untracked 
|  29|0x0000000781d00000, 0x0000000781d00000, 0x0000000781e00000|  0%| F|  |TAMS 0x0000000781d00000, 0x0000000781d00000| Untracked 
|  30|0x0000000781e00000, 0x0000000781e00000, 0x0000000781f00000|  0%| F|  |TAMS 0x0000000781e00000, 0x0000000781e00000| Untracked 
|  31|0x0000000781f00000, 0x0000000781f00000, 0x0000000782000000|  0%| F|  |TAMS 0x0000000781f00000, 0x0000000781f00000| Untracked 
|  32|0x0000000782000000, 0x0000000782000000, 0x0000000782100000|  0%| F|  |TAMS 0x0000000782000000, 0x0000000782000000| Untracked 
|  33|0x0000000782100000, 0x0000000782100000, 0x0000000782200000|  0%| F|  |TAMS 0x0000000782100000, 0x0000000782100000| Untracked 
|  34|0x0000000782200000, 0x0000000782200000, 0x0000000782300000|  0%| F|  |TAMS 0x0000000782200000, 0x0000000782200000| Untracked 
|  35|0x0000000782300000, 0x0000000782300000, 0x0000000782400000|  0%| F|  |TAMS 0x0000000782300000, 0x0000000782300000| Untracked 
|  36|0x0000000782400000, 0x0000000782400000, 0x0000000782500000|  0%| F|  |TAMS 0x0000000782400000, 0x0000000782400000| Untracked 
|  37|0x0000000782500000, 0x0000000782500000, 0x0000000782600000|  0%| F|  |TAMS 0x0000000782500000, 0x0000000782500000| Untracked 
|  38|0x0000000782600000, 0x0000000782600000, 0x0000000782700000|  0%| F|  |TAMS 0x0000000782600000, 0x0000000782600000| Untracked 
|  39|0x0000000782700000, 0x0000000782700000, 0x0000000782800000|  0%| F|  |TAMS 0x0000000782700000, 0x0000000782700000| Untracked 
|  40|0x0000000782800000, 0x0000000782800000, 0x0000000782900000|  0%| F|  |TAMS 0x0000000782800000, 0x0000000782800000| Untracked 
|  41|0x0000000782900000, 0x0000000782900000, 0x0000000782a00000|  0%| F|  |TAMS 0x0000000782900000, 0x0000000782900000| Untracked 
|  42|0x0000000782a00000, 0x0000000782a00000, 0x0000000782b00000|  0%| F|  |TAMS 0x0000000782a00000, 0x0000000782a00000| Untracked 
|  43|0x0000000782b00000, 0x0000000782b00000, 0x0000000782c00000|  0%| F|  |TAMS 0x0000000782b00000, 0x0000000782b00000| Untracked 
|  44|0x0000000782c00000, 0x0000000782c00000, 0x0000000782d00000|  0%| F|  |TAMS 0x0000000782c00000, 0x0000000782c00000| Untracked 
|  45|0x0000000782d00000, 0x0000000782d00000, 0x0000000782e00000|  0%| F|  |TAMS 0x0000000782d00000, 0x0000000782d00000| Untracked 
|  46|0x0000000782e00000, 0x0000000782e00000, 0x0000000782f00000|  0%| F|  |TAMS 0x0000000782e00000, 0x0000000782e00000| Untracked 
|  47|0x0000000782f00000, 0x0000000782f00000, 0x0000000783000000|  0%| F|  |TAMS 0x0000000782f00000, 0x0000000782f00000| Untracked 
|  48|0x0000000783000000, 0x0000000783000000, 0x0000000783100000|  0%| F|  |TAMS 0x0000000783000000, 0x0000000783000000| Untracked 
|  49|0x0000000783100000, 0x0000000783100000, 0x0000000783200000|  0%| F|  |TAMS 0x0000000783100000, 0x0000000783100000| Untracked 
|  50|0x0000000783200000, 0x0000000783200000, 0x0000000783300000|  0%| F|  |TAMS 0x0000000783200000, 0x0000000783200000| Untracked 
|  51|0x0000000783300000, 0x0000000783300000, 0x0000000783400000|  0%| F|  |TAMS 0x0000000783300000, 0x0000000783300000| Untracked 
|  52|0x0000000783400000, 0x0000000783400000, 0x0000000783500000|  0%| F|  |TAMS 0x0000000783400000, 0x0000000783400000| Untracked 
|  53|0x0000000783500000, 0x0000000783500000, 0x0000000783600000|  0%| F|  |TAMS 0x0000000783500000, 0x0000000783500000| Untracked 
|  54|0x0000000783600000, 0x0000000783600000, 0x0000000783700000|  0%| F|  |TAMS 0x0000000783600000, 0x0000000783600000| Untracked 
|  55|0x0000000783700000, 0x0000000783700000, 0x0000000783800000|  0%| F|  |TAMS 0x0000000783700000, 0x0000000783700000| Untracked 
|  56|0x0000000783800000, 0x0000000783800000, 0x0000000783900000|  0%| F|  |TAMS 0x0000000783800000, 0x0000000783800000| Untracked 
|  57|0x0000000783900000, 0x0000000783900000, 0x0000000783a00000|  0%| F|  |TAMS 0x0000000783900000, 0x0000000783900000| Untracked 
|  58|0x0000000783a00000, 0x0000000783a00000, 0x0000000783b00000|  0%| F|  |TAMS 0x0000000783a00000, 0x0000000783a00000| Untracked 
|  59|0x0000000783b00000, 0x0000000783b00000, 0x0000000783c00000|  0%| F|  |TAMS 0x0000000783b00000, 0x0000000783b00000| Untracked 
|  60|0x0000000783c00000, 0x0000000783c00000, 0x0000000783d00000|  0%| F|  |TAMS 0x0000000783c00000, 0x0000000783c00000| Untracked 
|  61|0x0000000783d00000, 0x0000000783d00000, 0x0000000783e00000|  0%| F|  |TAMS 0x0000000783d00000, 0x0000000783d00000| Untracked 
|  62|0x0000000783e00000, 0x0000000783e00000, 0x0000000783f00000|  0%| F|  |TAMS 0x0000000783e00000, 0x0000000783e00000| Untracked 
|  63|0x0000000783f00000, 0x0000000783f00000, 0x0000000784000000|  0%| F|  |TAMS 0x0000000783f00000, 0x0000000783f00000| Untracked 
|  64|0x0000000784000000, 0x0000000784000000, 0x0000000784100000|  0%| F|  |TAMS 0x0000000784000000, 0x0000000784000000| Untracked 
|  65|0x0000000784100000, 0x0000000784100000, 0x0000000784200000|  0%| F|  |TAMS 0x0000000784100000, 0x0000000784100000| Untracked 
|  66|0x0000000784200000, 0x0000000784200000, 0x0000000784300000|  0%| F|  |TAMS 0x0000000784200000, 0x0000000784200000| Untracked 
|  67|0x0000000784300000, 0x0000000784300000, 0x0000000784400000|  0%| F|  |TAMS 0x0000000784300000, 0x0000000784300000| Untracked 
|  68|0x0000000784400000, 0x0000000784400000, 0x0000000784500000|  0%| F|  |TAMS 0x0000000784400000, 0x0000000784400000| Untracked 
|  69|0x0000000784500000, 0x0000000784500000, 0x0000000784600000|  0%| F|  |TAMS 0x0000000784500000, 0x0000000784500000| Untracked 
|  70|0x0000000784600000, 0x0000000784600000, 0x0000000784700000|  0%| F|  |TAMS 0x0000000784600000, 0x0000000784600000| Untracked 
|  71|0x0000000784700000, 0x0000000784700000, 0x0000000784800000|  0%| F|  |TAMS 0x0000000784700000, 0x0000000784700000| Untracked 
|  72|0x0000000784800000, 0x0000000784800000, 0x0000000784900000|  0%| F|  |TAMS 0x0000000784800000, 0x0000000784800000| Untracked 
|  73|0x0000000784900000, 0x0000000784900000, 0x0000000784a00000|  0%| F|  |TAMS 0x0000000784900000, 0x0000000784900000| Untracked 
|  74|0x0000000784a00000, 0x0000000784a00000, 0x0000000784b00000|  0%| F|  |TAMS 0x0000000784a00000, 0x0000000784a00000| Untracked 
|  75|0x0000000784b00000, 0x0000000784b00000, 0x0000000784c00000|  0%| F|  |TAMS 0x0000000784b00000, 0x0000000784b00000| Untracked 
|  76|0x0000000784c00000, 0x0000000784d00000, 0x0000000784d00000|100%| S|CS|TAMS 0x0000000784c00000, 0x0000000784c00000| Complete 
|  77|0x0000000784d00000, 0x0000000784e00000, 0x0000000784e00000|100%| S|CS|TAMS 0x0000000784d00000, 0x0000000784d00000| Complete 
|  78|0x0000000784e00000, 0x0000000784f00000, 0x0000000784f00000|100%| S|CS|TAMS 0x0000000784e00000, 0x0000000784e00000| Complete 
|  79|0x0000000784f00000, 0x0000000785000000, 0x0000000785000000|100%| S|CS|TAMS 0x0000000784f00000, 0x0000000784f00000| Complete 
|  80|0x0000000785000000, 0x0000000785100000, 0x0000000785100000|100%| S|CS|TAMS 0x0000000785000000, 0x0000000785000000| Complete 
|  81|0x0000000785100000, 0x0000000785200000, 0x0000000785200000|100%| S|CS|TAMS 0x0000000785100000, 0x0000000785100000| Complete 
|  82|0x0000000785200000, 0x0000000785200000, 0x0000000785300000|  0%| F|  |TAMS 0x0000000785200000, 0x0000000785200000| Untracked 
|  83|0x0000000785300000, 0x0000000785300000, 0x0000000785400000|  0%| F|  |TAMS 0x0000000785300000, 0x0000000785300000| Untracked 
|  84|0x0000000785400000, 0x0000000785400000, 0x0000000785500000|  0%| F|  |TAMS 0x0000000785400000, 0x0000000785400000| Untracked 
|  85|0x0000000785500000, 0x0000000785500000, 0x0000000785600000|  0%| F|  |TAMS 0x0000000785500000, 0x0000000785500000| Untracked 
|  86|0x0000000785600000, 0x0000000785600000, 0x0000000785700000|  0%| F|  |TAMS 0x0000000785600000, 0x0000000785600000| Untracked 
|  87|0x0000000785700000, 0x0000000785700000, 0x0000000785800000|  0%| F|  |TAMS 0x0000000785700000, 0x0000000785700000| Untracked 
|  88|0x0000000785800000, 0x0000000785800000, 0x0000000785900000|  0%| F|  |TAMS 0x0000000785800000, 0x0000000785800000| Untracked 
|  89|0x0000000785900000, 0x0000000785900000, 0x0000000785a00000|  0%| F|  |TAMS 0x0000000785900000, 0x0000000785900000| Untracked 
|  90|0x0000000785a00000, 0x0000000785a00000, 0x0000000785b00000|  0%| F|  |TAMS 0x0000000785a00000, 0x0000000785a00000| Untracked 
|  91|0x0000000785b00000, 0x0000000785b00000, 0x0000000785c00000|  0%| F|  |TAMS 0x0000000785b00000, 0x0000000785b00000| Untracked 
|  92|0x0000000785c00000, 0x0000000785c00000, 0x0000000785d00000|  0%| F|  |TAMS 0x0000000785c00000, 0x0000000785c00000| Untracked 
|  93|0x0000000785d00000, 0x0000000785d00000, 0x0000000785e00000|  0%| F|  |TAMS 0x0000000785d00000, 0x0000000785d00000| Untracked 
|  94|0x0000000785e00000, 0x0000000785e00000, 0x0000000785f00000|  0%| F|  |TAMS 0x0000000785e00000, 0x0000000785e00000| Untracked 
|  95|0x0000000785f00000, 0x0000000785f00000, 0x0000000786000000|  0%| F|  |TAMS 0x0000000785f00000, 0x0000000785f00000| Untracked 
|  96|0x0000000786000000, 0x0000000786000000, 0x0000000786100000|  0%| F|  |TAMS 0x0000000786000000, 0x0000000786000000| Untracked 
|  97|0x0000000786100000, 0x0000000786100000, 0x0000000786200000|  0%| F|  |TAMS 0x0000000786100000, 0x0000000786100000| Untracked 
|  98|0x0000000786200000, 0x0000000786200000, 0x0000000786300000|  0%| F|  |TAMS 0x0000000786200000, 0x0000000786200000| Untracked 
|  99|0x0000000786300000, 0x0000000786300000, 0x0000000786400000|  0%| F|  |TAMS 0x0000000786300000, 0x0000000786300000| Untracked 
| 100|0x0000000786400000, 0x0000000786400000, 0x0000000786500000|  0%| F|  |TAMS 0x0000000786400000, 0x0000000786400000| Untracked 
| 101|0x0000000786500000, 0x0000000786500000, 0x0000000786600000|  0%| F|  |TAMS 0x0000000786500000, 0x0000000786500000| Untracked 
| 102|0x0000000786600000, 0x0000000786600000, 0x0000000786700000|  0%| F|  |TAMS 0x0000000786600000, 0x0000000786600000| Untracked 
| 103|0x0000000786700000, 0x0000000786700000, 0x0000000786800000|  0%| F|  |TAMS 0x0000000786700000, 0x0000000786700000| Untracked 
| 104|0x0000000786800000, 0x0000000786800000, 0x0000000786900000|  0%| F|  |TAMS 0x0000000786800000, 0x0000000786800000| Untracked 
| 105|0x0000000786900000, 0x0000000786900000, 0x0000000786a00000|  0%| F|  |TAMS 0x0000000786900000, 0x0000000786900000| Untracked 
| 106|0x0000000786a00000, 0x0000000786a00000, 0x0000000786b00000|  0%| F|  |TAMS 0x0000000786a00000, 0x0000000786a00000| Untracked 
| 107|0x0000000786b00000, 0x0000000786b00000, 0x0000000786c00000|  0%| F|  |TAMS 0x0000000786b00000, 0x0000000786b00000| Untracked 
| 108|0x0000000786c00000, 0x0000000786c00000, 0x0000000786d00000|  0%| F|  |TAMS 0x0000000786c00000, 0x0000000786c00000| Untracked 
| 109|0x0000000786d00000, 0x0000000786d00000, 0x0000000786e00000|  0%| F|  |TAMS 0x0000000786d00000, 0x0000000786d00000| Untracked 
| 110|0x0000000786e00000, 0x0000000786e00000, 0x0000000786f00000|  0%| F|  |TAMS 0x0000000786e00000, 0x0000000786e00000| Untracked 
| 111|0x0000000786f00000, 0x0000000786f00000, 0x0000000787000000|  0%| F|  |TAMS 0x0000000786f00000, 0x0000000786f00000| Untracked 
| 112|0x0000000787000000, 0x0000000787000000, 0x0000000787100000|  0%| F|  |TAMS 0x0000000787000000, 0x0000000787000000| Untracked 
| 113|0x0000000787100000, 0x0000000787100000, 0x0000000787200000|  0%| F|  |TAMS 0x0000000787100000, 0x0000000787100000| Untracked 
| 114|0x0000000787200000, 0x0000000787200000, 0x0000000787300000|  0%| F|  |TAMS 0x0000000787200000, 0x0000000787200000| Untracked 
| 115|0x0000000787300000, 0x0000000787300000, 0x0000000787400000|  0%| F|  |TAMS 0x0000000787300000, 0x0000000787300000| Untracked 
| 116|0x0000000787400000, 0x0000000787400000, 0x0000000787500000|  0%| F|  |TAMS 0x0000000787400000, 0x0000000787400000| Untracked 
| 117|0x0000000787500000, 0x0000000787500000, 0x0000000787600000|  0%| F|  |TAMS 0x0000000787500000, 0x0000000787500000| Untracked 
| 118|0x0000000787600000, 0x0000000787600000, 0x0000000787700000|  0%| F|  |TAMS 0x0000000787600000, 0x0000000787600000| Untracked 
| 119|0x0000000787700000, 0x0000000787700000, 0x0000000787800000|  0%| F|  |TAMS 0x0000000787700000, 0x0000000787700000| Untracked 
| 120|0x0000000787800000, 0x0000000787800000, 0x0000000787900000|  0%| F|  |TAMS 0x0000000787800000, 0x0000000787800000| Untracked 
| 121|0x0000000787900000, 0x0000000787900000, 0x0000000787a00000|  0%| F|  |TAMS 0x0000000787900000, 0x0000000787900000| Untracked 
| 122|0x0000000787a00000, 0x0000000787a1eb98, 0x0000000787b00000| 12%| E|  |TAMS 0x0000000787a00000, 0x0000000787a00000| Complete 
| 123|0x0000000787b00000, 0x0000000787c00000, 0x0000000787c00000|100%| E|CS|TAMS 0x0000000787b00000, 0x0000000787b00000| Complete 
| 124|0x0000000787c00000, 0x0000000787d00000, 0x0000000787d00000|100%| E|CS|TAMS 0x0000000787c00000, 0x0000000787c00000| Complete 
| 125|0x0000000787d00000, 0x0000000787e00000, 0x0000000787e00000|100%| E|CS|TAMS 0x0000000787d00000, 0x0000000787d00000| Complete 
| 126|0x0000000787e00000, 0x0000000787f00000, 0x0000000787f00000|100%| E|CS|TAMS 0x0000000787e00000, 0x0000000787e00000| Complete 
| 127|0x0000000787f00000, 0x0000000788000000, 0x0000000788000000|100%| E|CS|TAMS 0x0000000787f00000, 0x0000000787f00000| Complete 
|2046|0x00000007ffe00000, 0x00000007ffe74000, 0x00000007fff00000| 45%|OA|  |TAMS 0x00000007ffe00000, 0x00000007ffe00000| Untracked 
|2047|0x00000007fff00000, 0x00000007fff74000, 0x0000000800000000| 45%|CA|  |TAMS 0x00000007fff00000, 0x00000007fff00000| Untracked 

Card table byte_map: [0x000000010382c000,0x0000000103c2c000] _byte_map_base: 0x00000000ffc2c000

Marking Bits (Prev, Next): (CMBitMap*) 0x000000012e82e010, (CMBitMap*) 0x000000012e82e050
 Prev Bits: [0x000000011bab4000, 0x000000011dab4000)
 Next Bits: [0x000000011df00000, 0x000000011ff00000)

Polling page: 0x000000010300c000

Metaspace:

Usage:
  Non-class:     13.99 MB used.
      Class:      2.43 MB used.
       Both:     16.42 MB used.

Virtual space:
  Non-class space:       64.00 MB reserved,      14.19 MB ( 22%) committed,  1 nodes.
      Class space:        1.00 GB reserved,       2.56 MB ( <1%) committed,  1 nodes.
             Both:        1.06 GB reserved,      16.75 MB (  2%) committed. 

Chunk freelists:
   Non-Class:  1018.00 KB
       Class:  1.45 MB
        Both:  2.44 MB

MaxMetaspaceSize: unlimited
CompressedClassSpaceSize: 1.00 GB
Initial GC threshold: 21.00 MB
Current GC threshold: 21.00 MB
CDS: on
MetaspaceReclaimPolicy: balanced
 - commit_granule_bytes: 65536.
 - commit_granule_words: 8192.
 - virtual_space_node_default_size: 8388608.
 - enlarge_chunks_in_place: 1.
 - new_chunks_are_fully_committed: 0.
 - uncommit_free_chunks: 1.
 - use_allocation_guard: 0.


Internal statistics:

num_allocs_failed_limit: 0.
num_arena_births: 292.
num_arena_deaths: 0.
num_vsnodes_births: 2.
num_vsnodes_deaths: 0.
num_space_committed: 268.
num_space_uncommitted: 0.
num_chunks_returned_to_freelist: 0.
num_chunks_taken_from_freelist: 813.
num_chunk_merges: 0.
num_chunk_splits: 568.
num_chunks_enlarged: 451.
num_inconsistent_stats: 0.

CodeHeap 'non-profiled nmethods': size=120032Kb used=806Kb max_used=806Kb free=119225Kb
 bounds [0x000000011457c000, 0x00000001147ec000, 0x000000011bab4000]
CodeHeap 'profiled nmethods': size=120016Kb used=4491Kb max_used=4491Kb free=115524Kb
 bounds [0x000000010d048000, 0x000000010d4b8000, 0x000000011457c000]
CodeHeap 'non-nmethods': size=5712Kb used=1406Kb max_used=1442Kb free=4305Kb
 bounds [0x000000010cab4000, 0x000000010cd24000, 0x000000010d048000]
 total_blobs=3090 nmethods=2308 adapters=698
 compilation: enabled
              stopped_count=0, restarted_count=0
 full_count=0

Compilation events (20 events):
Event: 26.277 Thread 0x000000012e03f800 nmethod 2357 0x000000010d4a6990 code [0x000000010d4a6b40, 0x000000010d4a6c28]
Event: 26.277 Thread 0x000000012e03f800 2356       3       java.util.ArrayList::<init> (65 bytes)
Event: 26.278 Thread 0x000000012e03f800 nmethod 2356 0x000000010d4a6c90 code [0x000000010d4a6ec0, 0x000000010d4a75b8]
Event: 26.278 Thread 0x000000012e03f800 2360       1       java.lang.invoke.VarHandle::isDirect (2 bytes)
Event: 26.278 Thread 0x000000012e03f800 nmethod 2360 0x0000000114642010 code [0x0000000114642180, 0x0000000114642268]
Event: 26.279 Thread 0x000000012e03f800 2361       3       java.lang.Module::isExported (18 bytes)
Event: 26.279 Thread 0x000000012e03f800 nmethod 2361 0x000000010d4a7790 code [0x000000010d4a7980, 0x000000010d4a7db8]
Event: 26.281 Thread 0x000000012e03f800 2364       3       jdk.internal.reflect.ClassFileAssembler::emitShort (24 bytes)
Event: 26.281 Thread 0x000000012e03f800 nmethod 2364 0x000000010d4a7f90 code [0x000000010d4a8180, 0x000000010d4a8508]
Event: 26.281 Thread 0x000000012e03f800 2365       3       jdk.internal.reflect.ClassFileAssembler::cpi (22 bytes)
Event: 26.281 Thread 0x000000012e03f800 nmethod 2365 0x000000010d4a8710 code [0x000000010d4a88c0, 0x000000010d4a8ad8]
Event: 26.284 Thread 0x000000012e03f800 2367       3       javafx.scene.control.TableView::getItems (11 bytes)
Event: 26.284 Thread 0x000000012e03f800 nmethod 2367 0x000000010d4a8b90 code [0x000000010d4a8d80, 0x000000010d4a9258]
Event: 26.285 Thread 0x000000012e03f200 nmethod 2349 0x0000000114642910 code [0x0000000114642c00, 0x0000000114643df0]
Event: 26.285 Thread 0x000000012e03f200 2353       4       java.util.concurrent.ConcurrentHashMap::addCount (280 bytes)
Event: 26.286 Thread 0x000000012e03f200 nmethod 2353 0x0000000114644910 code [0x0000000114644b00, 0x0000000114644e10]
Event: 26.286 Thread 0x000000012e03f200 2358       4       java.lang.CharacterDataLatin1::toUpperCaseEx (71 bytes)
Event: 26.287 Thread 0x000000012e03f200 nmethod 2358 0x0000000114645110 code [0x00000001146452c0, 0x00000001146453c0]
Event: 26.287 Thread 0x000000012e03f200 2366       4       java.lang.Class::getName (18 bytes)
Event: 26.287 Thread 0x000000012e03f200 nmethod 2366 0x0000000114645490 code [0x0000000114645640, 0x0000000114645750]

GC Heap History (4 events):
Event: 0.599 GC heap before
{Heap before GC invocations=0 (full 0):
 garbage-first heap   total 133120K, used 23456K [0x0000000780000000, 0x0000000800000000)
  region size 1024K, 23 young (23552K), 0 survivors (0K)
 Metaspace       used 6239K, committed 6528K, reserved 1114112K
  class space    used 741K, committed 896K, reserved 1048576K
}
Event: 0.600 GC heap after
{Heap after GC invocations=1 (full 0):
 garbage-first heap   total 133120K, used 4203K [0x0000000780000000, 0x0000000800000000)
  region size 1024K, 3 young (3072K), 3 survivors (3072K)
 Metaspace       used 6239K, committed 6528K, reserved 1114112K
  class space    used 741K, committed 896K, reserved 1048576K
}
Event: 30.751 GC heap before
{Heap before GC invocations=1 (full 0):
 garbage-first heap   total 133120K, used 50283K [0x0000000780000000, 0x0000000800000000)
  region size 1024K, 46 young (47104K), 3 survivors (3072K)
 Metaspace       used 16808K, committed 17152K, reserved 1114112K
  class space    used 2485K, committed 2624K, reserved 1048576K
}
Event: 30.773 GC heap after
{Heap after GC invocations=2 (full 0):
 garbage-first heap   total 133120K, used 15348K [0x0000000780000000, 0x0000000800000000)
  region size 1024K, 6 young (6144K), 6 survivors (6144K)
 Metaspace       used 16808K, committed 17152K, reserved 1114112K
  class space    used 2485K, committed 2624K, reserved 1048576K
}

Deoptimization events (20 events):
Event: 0.982 Thread 0x000000012e939800 Uncommon trap: trap_request=0xffffffde fr.pc=0x000000011458be6c relative=0x00000000000000ac
Event: 0.982 Thread 0x000000012e939800 Uncommon trap: reason=class_check action=maybe_recompile pc=0x000000011458be6c method=java.lang.Character.codePointAt(Ljava/lang/CharSequence;I)I @ 2 c2
Event: 0.982 Thread 0x000000012e939800 DEOPT PACKING pc=0x000000011458be6c sp=0x000000016cf72df0
Event: 0.982 Thread 0x000000012e939800 DEOPT UNPACKING pc=0x000000010caf2d1c sp=0x000000016cf72d90 mode 2
Event: 0.982 Thread 0x000000012e939800 Uncommon trap: trap_request=0xffffffde fr.pc=0x000000011458be6c relative=0x00000000000000ac
Event: 0.982 Thread 0x000000012e939800 Uncommon trap: reason=class_check action=maybe_recompile pc=0x000000011458be6c method=java.lang.Character.codePointAt(Ljava/lang/CharSequence;I)I @ 2 c2
Event: 0.982 Thread 0x000000012e939800 DEOPT PACKING pc=0x000000011458be6c sp=0x000000016cf72d50
Event: 0.982 Thread 0x000000012e939800 DEOPT UNPACKING pc=0x000000010caf2d1c sp=0x000000016cf72cf0 mode 2
Event: 0.982 Thread 0x000000012e939800 Uncommon trap: trap_request=0xffffffde fr.pc=0x000000011458be6c relative=0x00000000000000ac
Event: 0.982 Thread 0x000000012e939800 Uncommon trap: reason=class_check action=maybe_recompile pc=0x000000011458be6c method=java.lang.Character.codePointAt(Ljava/lang/CharSequence;I)I @ 2 c2
Event: 0.982 Thread 0x000000012e939800 DEOPT PACKING pc=0x000000011458be6c sp=0x000000016cf72d50
Event: 0.982 Thread 0x000000012e939800 DEOPT UNPACKING pc=0x000000010caf2d1c sp=0x000000016cf72cf0 mode 2
Event: 1.168 Thread 0x000000012e809400 DEOPT PACKING pc=0x000000010d275c4c sp=0x000000016f9ff8b0
Event: 1.168 Thread 0x000000012e809400 DEOPT UNPACKING pc=0x000000010caf2b7c sp=0x000000016f9ff610 mode 3
Event: 1.891 Thread 0x000000012e809400 DEOPT PACKING pc=0x000000010d431fdc sp=0x000000016fa014b0
Event: 1.891 Thread 0x000000012e809400 DEOPT UNPACKING pc=0x000000010caf2b7c sp=0x000000016fa01140 mode 0
Event: 1.891 Thread 0x000000012e809400 DEOPT PACKING pc=0x000000010d431fdc sp=0x000000016fa014b0
Event: 1.891 Thread 0x000000012e809400 DEOPT UNPACKING pc=0x000000010caf2b7c sp=0x000000016fa01140 mode 0
Event: 1.896 Thread 0x000000012e809400 DEOPT PACKING pc=0x000000010d431fdc sp=0x000000016fa00bc0
Event: 1.896 Thread 0x000000012e809400 DEOPT UNPACKING pc=0x000000010caf2b7c sp=0x000000016fa00820 mode 0

Classes loaded (20 events):
Event: 26.281 Loading class java/io/UnsupportedEncodingException
Event: 26.282 Loading class java/io/UnsupportedEncodingException done
Event: 26.282 Loading class java/nio/charset/CharacterCodingException
Event: 26.282 Loading class java/nio/charset/CharacterCodingException done
Event: 26.282 Loading class java/net/StandardSocketOptions
Event: 26.282 Loading class java/net/StandardSocketOptions done
Event: 26.282 Loading class java/net/StandardSocketOptions$StdSocketOption
Event: 26.282 Loading class java/net/StandardSocketOptions$StdSocketOption done
Event: 26.282 Loading class sun/nio/ch/SocketOptionRegistry
Event: 26.282 Loading class sun/nio/ch/SocketOptionRegistry done
Event: 26.282 Loading class sun/nio/ch/SocketOptionRegistry$RegistryKey
Event: 26.282 Loading class sun/nio/ch/SocketOptionRegistry$RegistryKey done
Event: 26.282 Loading class sun/nio/ch/SocketOptionRegistry$LazyInitialization
Event: 26.282 Loading class sun/nio/ch/SocketOptionRegistry$LazyInitialization done
Event: 26.282 Loading class sun/nio/ch/OptionKey
Event: 26.282 Loading class sun/nio/ch/OptionKey done
Event: 26.282 Loading class sun/nio/ch/ExtendedSocketOption
Event: 26.282 Loading class sun/nio/ch/ExtendedSocketOption done
Event: 26.282 Loading class sun/nio/ch/ExtendedSocketOption$1
Event: 26.283 Loading class sun/nio/ch/ExtendedSocketOption$1 done

Classes unloaded (0 events):
No events

Classes redefined (0 events):
No events

Internal exceptions (20 events):
Event: 26.306 Thread 0x000000012e939800 Exception <a 'java/lang/StackOverflowError'{0x000000078558ef50}> (0x000000078558ef50) 
thrown [open/src/hotspot/share/interpreter/interpreterRuntime.cpp, line 384]
Event: 26.306 Thread 0x000000012e939800 Exception <a 'java/lang/StackOverflowError'{0x000000078558ef78}> (0x000000078558ef78) 
thrown [open/src/hotspot/share/interpreter/interpreterRuntime.cpp, line 384]
Event: 26.306 Thread 0x000000012e939800 Exception <a 'java/lang/StackOverflowError'{0x000000078558efa0}> (0x000000078558efa0) 
thrown [open/src/hotspot/share/interpreter/interpreterRuntime.cpp, line 384]
Event: 26.306 Thread 0x000000012e939800 Exception <a 'java/lang/StackOverflowError'{0x000000078558efc8}> (0x000000078558efc8) 
thrown [open/src/hotspot/share/interpreter/interpreterRuntime.cpp, line 384]
Event: 26.306 Thread 0x000000012e939800 Exception <a 'java/lang/StackOverflowError'{0x000000078558eff0}> (0x000000078558eff0) 
thrown [open/src/hotspot/share/interpreter/interpreterRuntime.cpp, line 384]
Event: 26.306 Thread 0x000000012e939800 Exception <a 'java/lang/StackOverflowError'{0x000000078558f018}> (0x000000078558f018) 
thrown [open/src/hotspot/share/interpreter/interpreterRuntime.cpp, line 384]
Event: 26.306 Thread 0x000000012e939800 Exception <a 'java/lang/StackOverflowError'{0x000000078558f040}> (0x000000078558f040) 
thrown [open/src/hotspot/share/interpreter/interpreterRuntime.cpp, line 384]
Event: 26.306 Thread 0x000000012e939800 Exception <a 'java/lang/StackOverflowError'{0x000000078558f068}> (0x000000078558f068) 
thrown [open/src/hotspot/share/interpreter/interpreterRuntime.cpp, line 384]
Event: 26.306 Thread 0x000000012e939800 Exception <a 'java/lang/StackOverflowError'{0x000000078558f090}> (0x000000078558f090) 
thrown [open/src/hotspot/share/interpreter/interpreterRuntime.cpp, line 384]
Event: 26.306 Thread 0x000000012e939800 Exception <a 'java/lang/StackOverflowError'{0x000000078558f0b8}> (0x000000078558f0b8) 
thrown [open/src/hotspot/share/interpreter/interpreterRuntime.cpp, line 384]
Event: 26.306 Thread 0x000000012e939800 Exception <a 'java/lang/StackOverflowError'{0x000000078558f0e0}> (0x000000078558f0e0) 
thrown [open/src/hotspot/share/interpreter/interpreterRuntime.cpp, line 384]
Event: 26.306 Thread 0x000000012e939800 Exception <a 'java/lang/StackOverflowError'{0x000000078558f108}> (0x000000078558f108) 
thrown [open/src/hotspot/share/interpreter/interpreterRuntime.cpp, line 384]
Event: 26.306 Thread 0x000000012e939800 Exception <a 'java/lang/StackOverflowError'{0x000000078558f130}> (0x000000078558f130) 
thrown [open/src/hotspot/share/interpreter/interpreterRuntime.cpp, line 384]
Event: 26.306 Thread 0x000000012e939800 Exception <a 'java/lang/StackOverflowError'{0x000000078558f158}> (0x000000078558f158) 
thrown [open/src/hotspot/share/interpreter/interpreterRuntime.cpp, line 384]
Event: 26.306 Thread 0x000000012e939800 Exception <a 'java/lang/StackOverflowError'{0x000000078558f180}> (0x000000078558f180) 
thrown [open/src/hotspot/share/interpreter/interpreterRuntime.cpp, line 384]
Event: 26.306 Thread 0x000000012e939800 Exception <a 'java/lang/StackOverflowError'{0x000000078558f1a8}> (0x000000078558f1a8) 
thrown [open/src/hotspot/share/interpreter/interpreterRuntime.cpp, line 384]
Event: 26.306 Thread 0x000000012e939800 Exception <a 'java/lang/StackOverflowError'{0x000000078558f1d0}> (0x000000078558f1d0) 
thrown [open/src/hotspot/share/interpreter/interpreterRuntime.cpp, line 384]
Event: 26.306 Thread 0x000000012e939800 Exception <a 'java/lang/StackOverflowError'{0x000000078558f1f8}> (0x000000078558f1f8) 
thrown [open/src/hotspot/share/interpreter/interpreterRuntime.cpp, line 384]
Event: 30.773 Thread 0x000000012e939800 Exception <a 'java/lang/StackOverflowError'{0x000000078510ad58}> (0x000000078510ad58) 
thrown [open/src/hotspot/share/interpreter/interpreterRuntime.cpp, line 384]
Event: 30.773 Thread 0x000000012e939800 Exception <a 'java/lang/StackOverflowError'{0x0000000787f00800}> (0x0000000787f00800) 
thrown [open/src/hotspot/share/interpreter/interpreterRuntime.cpp, line 384]

VM Operations (20 events):
Event: 1.038 Executing VM operation: ICBufferFull
Event: 1.038 Executing VM operation: ICBufferFull done
Event: 1.235 Executing VM operation: ICBufferFull
Event: 1.235 Executing VM operation: ICBufferFull done
Event: 2.240 Executing VM operation: Cleanup
Event: 2.240 Executing VM operation: Cleanup done
Event: 3.151 Executing VM operation: HandshakeAllThreads
Event: 3.151 Executing VM operation: HandshakeAllThreads done
Event: 4.156 Executing VM operation: Cleanup
Event: 4.156 Executing VM operation: Cleanup done
Event: 11.187 Executing VM operation: Cleanup
Event: 11.187 Executing VM operation: Cleanup done
Event: 17.213 Executing VM operation: Cleanup
Event: 17.213 Executing VM operation: Cleanup done
Event: 26.266 Executing VM operation: HandshakeAllThreads
Event: 26.266 Executing VM operation: HandshakeAllThreads done
Event: 26.270 Executing VM operation: HandshakeAllThreads
Event: 26.270 Executing VM operation: HandshakeAllThreads done
Event: 26.306 Executing VM operation: G1CollectForAllocation
Event: 30.773 Executing VM operation: G1CollectForAllocation done

Events (20 events):
Event: 26.306 Protecting memory [0x000000016c784000,0x000000016c788000] with protection modes 0
Event: 26.306 Protecting memory [0x000000016c784000,0x000000016c788000] with protection modes 0
Event: 26.306 Protecting memory [0x000000016c784000,0x000000016c788000] with protection modes 0
Event: 26.306 Protecting memory [0x000000016c784000,0x000000016c788000] with protection modes 0
Event: 26.306 Protecting memory [0x000000016c784000,0x000000016c788000] with protection modes 0
Event: 26.306 Protecting memory [0x000000016c784000,0x000000016c788000] with protection modes 0
Event: 26.306 Protecting memory [0x000000016c784000,0x000000016c788000] with protection modes 0
Event: 26.306 Protecting memory [0x000000016c784000,0x000000016c788000] with protection modes 0
Event: 26.306 Protecting memory [0x000000016c784000,0x000000016c788000] with protection modes 0
Event: 26.306 Protecting memory [0x000000016c784000,0x000000016c788000] with protection modes 0
Event: 26.306 Protecting memory [0x000000016c784000,0x000000016c788000] with protection modes 0
Event: 26.306 Protecting memory [0x000000016c784000,0x000000016c788000] with protection modes 0
Event: 26.306 Protecting memory [0x000000016c784000,0x000000016c788000] with protection modes 0
Event: 26.306 Protecting memory [0x000000016c784000,0x000000016c788000] with protection modes 0
Event: 26.306 Protecting memory [0x000000016c784000,0x000000016c788000] with protection modes 0
Event: 26.306 Protecting memory [0x000000016c784000,0x000000016c788000] with protection modes 0
Event: 26.306 Protecting memory [0x000000016c784000,0x000000016c788000] with protection modes 0
Event: 26.306 Protecting memory [0x000000016c784000,0x000000016c788000] with protection modes 0
Event: 30.773 Protecting memory [0x000000016c784000,0x000000016c788000] with protection modes 0
Event: 30.773 Protecting memory [0x000000016c784000,0x000000016c788000] with protection modes 0


Dynamic libraries:
0x0000000102fbc000 	/Library/Java/JavaVirtualMachines/jdk-18.0.2.1.jdk/Contents/Home/lib/libjli.dylib
0x000000019d882000 	/usr/lib/libz.1.dylib
0x000000019d939000 	/usr/lib/libSystem.B.dylib
0x000000019d933000 	/usr/lib/system/libcache.dylib
0x000000019d8f1000 	/usr/lib/system/libcommonCrypto.dylib
0x000000019d91a000 	/usr/lib/system/libcompiler_rt.dylib
0x000000019d911000 	/usr/lib/system/libcopyfile.dylib
0x0000000192b53000 	/usr/lib/system/libcorecrypto.dylib
0x0000000192c08000 	/usr/lib/system/libdispatch.dylib
0x0000000192dd6000 	/usr/lib/system/libdyld.dylib
0x000000019d929000 	/usr/lib/system/libkeymgr.dylib
0x000000019d8cc000 	/usr/lib/system/libmacho.dylib
0x000000019cfbc000 	/usr/lib/system/libquarantine.dylib
0x000000019d926000 	/usr/lib/system/libremovefile.dylib
0x0000000197f4e000 	/usr/lib/system/libsystem_asl.dylib
0x0000000192af5000 	/usr/lib/system/libsystem_blocks.dylib
0x0000000192c90000 	/usr/lib/system/libsystem_c.dylib
0x000000019d91e000 	/usr/lib/system/libsystem_collections.dylib
0x000000019c451000 	/usr/lib/system/libsystem_configuration.dylib
0x000000019b6aa000 	/usr/lib/system/libsystem_containermanager.dylib
0x000000019d629000 	/usr/lib/system/libsystem_coreservices.dylib
0x0000000195507000 	/usr/lib/system/libsystem_darwin.dylib
0x000000019d92a000 	/usr/lib/system/libsystem_dnssd.dylib
0x0000000192c8d000 	/usr/lib/system/libsystem_featureflags.dylib
0x0000000192deb000 	/usr/lib/system/libsystem_info.dylib
0x000000019d894000 	/usr/lib/system/libsystem_m.dylib
0x0000000192bdd000 	/usr/lib/system/libsystem_malloc.dylib
0x0000000197edc000 	/usr/lib/system/libsystem_networkextension.dylib
0x0000000195960000 	/usr/lib/system/libsystem_notify.dylib
0x00000001a3c8d000 	/usr/lib/system/libsystem_product_info_filter.dylib
0x000000019c456000 	/usr/lib/system/libsystem_sandbox.dylib
0x000000019d923000 	/usr/lib/system/libsystem_secinit.dylib
0x0000000192d91000 	/usr/lib/system/libsystem_kernel.dylib
0x0000000192de3000 	/usr/lib/system/libsystem_platform.dylib
0x0000000192dc9000 	/usr/lib/system/libsystem_pthread.dylib
0x00000001996b2000 	/usr/lib/system/libsystem_symptoms.dylib
0x0000000192b39000 	/usr/lib/system/libsystem_trace.dylib
0x000000019d8fe000 	/usr/lib/system/libunwind.dylib
0x0000000192af7000 	/usr/lib/system/libxpc.dylib
0x0000000192d79000 	/usr/lib/libc++abi.dylib
0x0000000192c4f000 	/usr/lib/libobjc.A.dylib
0x000000019d909000 	/usr/lib/liboah.dylib
0x0000000192d12000 	/usr/lib/libc++.1.dylib
0x00000001a97b9000 	/System/Library/Frameworks/Cocoa.framework/Versions/A/Cocoa
0x00000001959c1000 	/System/Library/Frameworks/AppKit.framework/Versions/C/AppKit
0x0000000198ed8000 	/System/Library/Frameworks/CoreData.framework/Versions/A/CoreData
0x0000000193d1c000 	/System/Library/Frameworks/Foundation.framework/Versions/C/Foundation
0x000000019687a000 	/System/Library/PrivateFrameworks/UIFoundation.framework/Versions/A/UIFoundation
0x00000001a3987000 	/System/Library/PrivateFrameworks/RemoteViewServices.framework/Versions/A/RemoteViewServices
0x000000019bdf8000 	/System/Library/PrivateFrameworks/XCTTargetBootstrap.framework/Versions/A/XCTTargetBootstrap
0x000000019f67b000 	/System/Library/PrivateFrameworks/InternationalSupport.framework/Versions/A/InternationalSupport
0x000000019f704000 	/System/Library/PrivateFrameworks/UserActivity.framework/Versions/A/UserActivity
0x000000019eb70000 	/usr/lib/libspindump.dylib
0x0000000196aeb000 	/System/Library/Frameworks/UniformTypeIdentifiers.framework/Versions/A/UniformTypeIdentifiers
0x000000019a340000 	/usr/lib/libapp_launch_measurement.dylib
0x0000000199864000 	/System/Library/PrivateFrameworks/CoreAnalytics.framework/Versions/A/CoreAnalytics
0x000000019a343000 	/System/Library/PrivateFrameworks/CoreAutoLayout.framework/Versions/A/CoreAutoLayout
0x000000019b6e7000 	/System/Library/Frameworks/Metal.framework/Versions/A/Metal
0x000000019c461000 	/usr/lib/liblangid.dylib
0x000000019bdfd000 	/System/Library/PrivateFrameworks/CoreSVG.framework/Versions/A/CoreSVG
0x0000000197f82000 	/System/Library/PrivateFrameworks/SkyLight.framework/Versions/A/SkyLight
0x000000019835e000 	/System/Library/Frameworks/CoreGraphics.framework/Versions/A/CoreGraphics
0x00000001a4053000 	/System/Library/Frameworks/Accelerate.framework/Versions/A/Accelerate
0x000000019e5e7000 	/System/Library/PrivateFrameworks/IconServices.framework/Versions/A/IconServices
0x000000019b6c9000 	/System/Library/Frameworks/IOSurface.framework/Versions/A/IOSurface
0x0000000199895000 	/usr/lib/libDiagnosticMessagesClient.dylib
0x00000001a7559000 	/System/Library/Frameworks/ApplicationServices.framework/Versions/A/ApplicationServices
0x000000019bde0000 	/System/Library/PrivateFrameworks/DFRFoundation.framework/Versions/A/DFRFoundation
0x0000000195251000 	/usr/lib/libicucore.A.dylib
0x00000001a0529000 	/System/Library/Frameworks/AudioToolbox.framework/Versions/A/AudioToolbox
0x000000019f687000 	/System/Library/PrivateFrameworks/DataDetectorsCore.framework/Versions/A/DataDetectorsCore
0x00000001b60a6000 	/System/Library/PrivateFrameworks/TextInput.framework/Versions/A/TextInput
0x0000000197ef7000 	/usr/lib/libMobileGestalt.dylib
0x000000019baac000 	/System/Library/Frameworks/Carbon.framework/Versions/A/Frameworks/HIToolbox.framework/Versions/A/HIToolbox
0x0000000199d19000 	/System/Library/Frameworks/QuartzCore.framework/Versions/A/QuartzCore
0x0000000194ed2000 	/System/Library/Frameworks/Security.framework/Versions/A/Security
0x00000001a39c7000 	/System/Library/Frameworks/Carbon.framework/Versions/A/Frameworks/SpeechRecognition.framework/Versions/A/SpeechRecognition
0x000000019a095000 	/System/Library/PrivateFrameworks/CoreUI.framework/Versions/A/CoreUI
0x00000001947ae000 	/System/Library/Frameworks/CoreAudio.framework/Versions/A/CoreAudio
0x0000000199989000 	/System/Library/Frameworks/DiskArbitration.framework/Versions/A/DiskArbitration
0x000000019ef7a000 	/System/Library/PrivateFrameworks/MultitouchSupport.framework/Versions/A/MultitouchSupport
0x0000000197ef5000 	/usr/lib/libenergytrace.dylib
0x0000000195889000 	/System/Library/Frameworks/IOKit.framework/Versions/A/IOKit
0x00000001a3db6000 	/System/Library/Frameworks/CoreServices.framework/Versions/A/CoreServices
0x000000019a2d0000 	/System/Library/PrivateFrameworks/PerformanceAnalysis.framework/Versions/A/PerformanceAnalysis
0x00000001f454b000 	/System/Library/Frameworks/OpenGL.framework/Versions/A/OpenGL
0x000000019ced4000 	/System/Library/PrivateFrameworks/MobileKeyBag.framework/Versions/A/MobileKeyBag
0x000000019896c000 	/System/Library/Frameworks/ColorSync.framework/Versions/A/ColorSync
0x0000000192e18000 	/System/Library/Frameworks/CoreFoundation.framework/Versions/A/CoreFoundation
0x000000019c07d000 	/System/Library/Frameworks/CoreImage.framework/Versions/A/CoreImage
0x00000001945d2000 	/System/Library/Frameworks/CoreText.framework/Versions/A/CoreText
0x000000019be2d000 	/System/Library/Frameworks/ImageIO.framework/Versions/A/ImageIO
0x000000019d93f000 	/System/Library/PrivateFrameworks/SoftLinking.framework/Versions/A/SoftLinking
0x000000019a38e000 	/usr/lib/libxml2.2.dylib
0x000000019dbd8000 	/usr/lib/libcompression.dylib
0x000000019f5d7000 	/System/Library/PrivateFrameworks/TextureIO.framework/Versions/A/TextureIO
0x000000019e300000 	/usr/lib/libate.dylib
0x000000019e1c5000 	/usr/lib/liblzma.5.dylib
0x0000000193a0f000 	/System/Library/Frameworks/SystemConfiguration.framework/Versions/A/SystemConfiguration
0x000000019d93b000 	/usr/lib/libfakelink.dylib
0x0000000197a27000 	/System/Library/Frameworks/CFNetwork.framework/Versions/A/CFNetwork
0x000000019da81000 	/usr/lib/libarchive.2.dylib
0x000000019c45d000 	/System/Library/PrivateFrameworks/AppleSystemInfo.framework/Versions/A/AppleSystemInfo
0x000000019cfe7000 	/usr/lib/libbsm.0.dylib
0x0000000196f94000 	/usr/lib/libnetwork.dylib
0x000000019d8d5000 	/usr/lib/system/libkxld.dylib
0x000000019cc01000 	/System/Library/PrivateFrameworks/IOMobileFramebuffer.framework/Versions/A/IOMobileFramebuffer
0x0000000212937000 	/usr/lib/libCoreEntitlements.dylib
0x000000019d60b000 	/System/Library/PrivateFrameworks/AppleFSCompression.framework/Versions/A/AppleFSCompression
0x000000019cfcf000 	/usr/lib/libcoretls.dylib
0x000000019e1de000 	/usr/lib/libcoretls_cfhelpers.dylib
0x000000019dbd3000 	/usr/lib/libpam.2.dylib
0x00000001992c8000 	/usr/lib/libsqlite3.dylib
0x000000019e247000 	/usr/lib/libxar.1.dylib
0x000000019d61c000 	/usr/lib/libbz2.1.0.dylib
0x000000019d940000 	/usr/lib/libpcap.A.dylib
0x00000001996a9000 	/usr/lib/libdns_services.dylib
0x000000019dba6000 	/usr/lib/libapple_nghttp2.dylib
0x000000019d97d000 	/usr/lib/libiconv.2.dylib
0x000000019d8cb000 	/usr/lib/libcharset.1.dylib
0x000000019a30c000 	/System/Library/Frameworks/CoreServices.framework/Versions/A/Frameworks/FSEvents.framework/Versions/A/FSEvents
0x0000000195512000 	/System/Library/Frameworks/CoreServices.framework/Versions/A/Frameworks/CarbonCore.framework/Versions/A/CarbonCore
0x00000001998e9000 	/System/Library/Frameworks/CoreServices.framework/Versions/A/Frameworks/Metadata.framework/Versions/A/Metadata
0x000000019d62f000 	/System/Library/Frameworks/CoreServices.framework/Versions/A/Frameworks/OSServices.framework/Versions/A/OSServices
0x000000019db07000 	/System/Library/Frameworks/CoreServices.framework/Versions/A/Frameworks/SearchKit.framework/Versions/A/SearchKit
0x0000000199637000 	/System/Library/Frameworks/CoreServices.framework/Versions/A/Frameworks/AE.framework/Versions/A/AE
0x000000019335f000 	/System/Library/Frameworks/CoreServices.framework/Versions/A/Frameworks/LaunchServices.framework/Versions/A/LaunchServices
0x000000019e16e000 	/System/Library/Frameworks/CoreServices.framework/Versions/A/Frameworks/DictionaryServices.framework/Versions/A/DictionaryServices
0x000000019a319000 	/System/Library/Frameworks/CoreServices.framework/Versions/A/Frameworks/SharedFileList.framework/Versions/A/SharedFileList
0x000000019cfbf000 	/usr/lib/libCheckFix.dylib
0x0000000197f66000 	/System/Library/PrivateFrameworks/TCC.framework/Versions/A/TCC
0x000000019c463000 	/System/Library/PrivateFrameworks/CoreNLP.framework/Versions/A/CoreNLP
0x0000000199898000 	/System/Library/PrivateFrameworks/MetadataUtilities.framework/Versions/A/MetadataUtilities
0x0000000193ac9000 	/usr/lib/libmecabra.dylib
0x000000019cff8000 	/usr/lib/libmecab.dylib
0x0000000193a95000 	/usr/lib/libCRFSuite.dylib
0x000000019d055000 	/usr/lib/libgermantok.dylib
0x000000019db7f000 	/usr/lib/libThaiTokenizer.dylib
0x0000000199991000 	/System/Library/Frameworks/Accelerate.framework/Versions/A/Frameworks/vImage.framework/Versions/A/vImage
0x00000001a3d8d000 	/System/Library/Frameworks/Accelerate.framework/Versions/A/Frameworks/vecLib.framework/Versions/A/vecLib
0x000000019e28c000 	/System/Library/Frameworks/Accelerate.framework/Versions/A/Frameworks/vecLib.framework/Versions/A/libvMisc.dylib
0x000000019cb08000 	/System/Library/Frameworks/Accelerate.framework/Versions/A/Frameworks/vecLib.framework/Versions/A/libvDSP.dylib
0x00000001936ea000 	/System/Library/Frameworks/Accelerate.framework/Versions/A/Frameworks/vecLib.framework/Versions/A/libBLAS.dylib
0x000000019dca9000 	/System/Library/Frameworks/Accelerate.framework/Versions/A/Frameworks/vecLib.framework/Versions/A/libLAPACK.dylib
0x000000019d058000 	/System/Library/Frameworks/Accelerate.framework/Versions/A/Frameworks/vecLib.framework/Versions/A/libLinearAlgebra.dylib
0x000000019dbbe000 	/System/Library/Frameworks/Accelerate.framework/Versions/A/Frameworks/vecLib.framework/Versions/A/libSparseBLAS.dylib
0x000000019dca4000 	/System/Library/Frameworks/Accelerate.framework/Versions/A/Frameworks/vecLib.framework/Versions/A/libQuadrature.dylib
0x000000019c55c000 	/System/Library/Frameworks/Accelerate.framework/Versions/A/Frameworks/vecLib.framework/Versions/A/libBNNS.dylib
0x00000001939a8000 	/System/Library/Frameworks/Accelerate.framework/Versions/A/Frameworks/vecLib.framework/Versions/A/libSparse.dylib
0x000000019c554000 	/System/Library/PrivateFrameworks/LinguisticData.framework/Versions/A/LinguisticData
0x0000000193960000 	/System/Library/PrivateFrameworks/Lexicon.framework/Versions/A/Lexicon
0x000000019e284000 	/usr/lib/libChineseTokenizer.dylib
0x000000019410e000 	/System/Library/PrivateFrameworks/LanguageModeling.framework/Versions/A/LanguageModeling
0x000000019db81000 	/System/Library/PrivateFrameworks/AppleSauce.framework/Versions/A/AppleSauce
0x000000019cbee000 	/System/Library/PrivateFrameworks/CoreEmoji.framework/Versions/A/CoreEmoji
0x000000019da6f000 	/usr/lib/libcmph.dylib
0x000000019a2ec000 	/System/Library/Frameworks/OpenDirectory.framework/Versions/A/Frameworks/CFOpenDirectory.framework/Versions/A/CFOpenDirectory
0x000000019a2dc000 	/System/Library/Frameworks/OpenDirectory.framework/Versions/A/OpenDirectory
0x000000019e1e0000 	/System/Library/PrivateFrameworks/APFS.framework/Versions/A/APFS
0x000000019cf0f000 	/System/Library/Frameworks/SecurityFoundation.framework/Versions/A/SecurityFoundation
0x000000019e256000 	/usr/lib/libutil.dylib
0x000000019584b000 	/System/Library/PrivateFrameworks/CoreServicesStore.framework/Versions/A/CoreServicesStore
0x000000019e25a000 	/usr/lib/libxslt.1.dylib
0x000000019cfa3000 	/System/Library/PrivateFrameworks/BackgroundTaskManagement.framework/Versions/A/BackgroundTaskManagement
0x000000019f4f8000 	/System/Library/Frameworks/ImageIO.framework/Versions/A/Resources/libRadiance.dylib
0x000000019f501000 	/System/Library/Frameworks/ImageIO.framework/Versions/A/Resources/libJPEG.dylib
0x000000019f452000 	/System/Library/Frameworks/ImageIO.framework/Versions/A/Resources/libPng.dylib
0x000000019f474000 	/System/Library/Frameworks/ImageIO.framework/Versions/A/Resources/libTIFF.dylib
0x000000019f55c000 	/System/Library/Frameworks/ImageIO.framework/Versions/A/Resources/libGIF.dylib
0x000000019ee8a000 	/System/Library/Frameworks/ImageIO.framework/Versions/A/Resources/libJP2.dylib
0x000000019e5ac000 	/usr/lib/libexpat.1.dylib
0x000000019ee45000 	/System/Library/PrivateFrameworks/AppleJPEG.framework/Versions/A/AppleJPEG
0x000000019b968000 	/System/Library/PrivateFrameworks/FontServices.framework/libFontParser.dylib
0x00000001995dc000 	/System/Library/PrivateFrameworks/RunningBoardServices.framework/Versions/A/RunningBoardServices
0x00000001a9e90000 	/System/Library/PrivateFrameworks/IOSurfaceAccelerator.framework/Versions/A/IOSurfaceAccelerator
0x000000019ef76000 	/System/Library/PrivateFrameworks/WatchdogClient.framework/Versions/A/WatchdogClient
0x000000019420e000 	/System/Library/Frameworks/CoreDisplay.framework/Versions/A/CoreDisplay
0x000000019b852000 	/System/Library/Frameworks/CoreMedia.framework/Versions/A/CoreMedia
0x000000019b6dd000 	/System/Library/PrivateFrameworks/IOAccelerator.framework/Versions/A/IOAccelerator
0x000000019a47c000 	/System/Library/Frameworks/CoreVideo.framework/Versions/A/CoreVideo
0x000000019dbd1000 	/System/Library/Frameworks/MetalPerformanceShaders.framework/Versions/A/MetalPerformanceShaders
0x000000019efb5000 	/System/Library/Frameworks/VideoToolbox.framework/Versions/A/VideoToolbox
0x0000000199520000 	/System/Library/PrivateFrameworks/BaseBoard.framework/Versions/A/BaseBoard
0x00000001992ae000 	/System/Library/PrivateFrameworks/ProtocolBuffer.framework/Versions/A/ProtocolBuffer
0x000000019f4f3000 	/System/Library/PrivateFrameworks/GPUWrangler.framework/Versions/A/GPUWrangler
0x000000019f4d3000 	/System/Library/PrivateFrameworks/IOPresentment.framework/Versions/A/IOPresentment
0x000000019f4fb000 	/System/Library/PrivateFrameworks/DSExternalDisplay.framework/Versions/A/DSExternalDisplay
0x00000001f453e000 	/System/Library/Frameworks/OpenGL.framework/Versions/A/Libraries/libCoreFSCache.dylib
0x00000001ff408000 	/System/Library/PrivateFrameworks/GPUCompiler.framework/Versions/31001/Libraries/libGPUCompilerUtils.dylib
0x000000019f561000 	/System/Library/PrivateFrameworks/CMCaptureCore.framework/Versions/A/CMCaptureCore
0x000000019eb5d000 	/System/Library/PrivateFrameworks/AppServerSupport.framework/Versions/A/AppServerSupport
0x00000001a0de7000 	/System/Library/PrivateFrameworks/perfdata.framework/Versions/A/perfdata
0x000000019432e000 	/System/Library/PrivateFrameworks/AudioToolboxCore.framework/Versions/A/AudioToolboxCore
0x000000019b82b000 	/System/Library/PrivateFrameworks/caulk.framework/Versions/A/caulk
0x00000001a06dc000 	/usr/lib/libAudioStatistics.dylib
0x00000001b26f5000 	/System/Library/PrivateFrameworks/SystemPolicy.framework/Versions/A/SystemPolicy
0x00000001a0948000 	/usr/lib/libSMC.dylib
0x00000001a9697000 	/System/Library/Frameworks/CoreMIDI.framework/Versions/A/CoreMIDI
0x000000019f420000 	/usr/lib/libAudioToolboxUtility.dylib
0x00000001ae858000 	/System/Library/PrivateFrameworks/OSAServicesClient.framework/Versions/A/OSAServicesClient
0x00000001a0df4000 	/usr/lib/libperfcheck.dylib
0x00000001b3218000 	/usr/lib/libmis.dylib
0x00000001f45a0000 	/System/Library/Frameworks/OpenGL.framework/Versions/A/Libraries/libGLU.dylib
0x00000001f455f000 	/System/Library/Frameworks/OpenGL.framework/Versions/A/Libraries/libGFXShared.dylib
0x00000001f474c000 	/System/Library/Frameworks/OpenGL.framework/Versions/A/Libraries/libGL.dylib
0x00000001f4568000 	/System/Library/Frameworks/OpenGL.framework/Versions/A/Libraries/libGLImage.dylib
0x00000001f455c000 	/System/Library/Frameworks/OpenGL.framework/Versions/A/Libraries/libCVMSPluginSupport.dylib
0x00000001f4545000 	/System/Library/Frameworks/OpenGL.framework/Versions/A/Libraries/libCoreVMClient.dylib
0x000000019c3dd000 	/System/Library/Frameworks/MetalPerformanceShaders.framework/Versions/A/Frameworks/MPSCore.framework/Versions/A/MPSCore
0x000000019d57e000 	/System/Library/Frameworks/MetalPerformanceShaders.framework/Versions/A/Frameworks/MPSImage.framework/Versions/A/MPSImage
0x000000019d06d000 	/System/Library/Frameworks/MetalPerformanceShaders.framework/Versions/A/Frameworks/MPSNeuralNetwork.framework/Versions/A/MPSNeuralNetwork
0x000000019d4a6000 	/System/Library/Frameworks/MetalPerformanceShaders.framework/Versions/A/Frameworks/MPSMatrix.framework/Versions/A/MPSMatrix
0x000000019d27f000 	/System/Library/Frameworks/MetalPerformanceShaders.framework/Versions/A/Frameworks/MPSRayIntersector.framework/Versions/A/MPSRayIntersector
0x000000019d4d7000 	/System/Library/Frameworks/MetalPerformanceShaders.framework/Versions/A/Frameworks/MPSNDArray.framework/Versions/A/MPSNDArray
0x00000001f7047000 	/System/Library/Frameworks/MetalPerformanceShaders.framework/Versions/A/Frameworks/MPSFunctions.framework/Versions/A/MPSFunctions
0x00000001935c0000 	/System/Library/PrivateFrameworks/MetalTools.framework/Versions/A/MetalTools
0x000000019c45b000 	/System/Library/PrivateFrameworks/AggregateDictionary.framework/Versions/A/AggregateDictionary
0x000000019e391000 	/usr/lib/libIOReport.dylib
0x00000001a86b3000 	/System/Library/PrivateFrameworks/ASEProcessing.framework/Versions/A/ASEProcessing
0x000000019e706000 	/System/Library/PrivateFrameworks/FaceCore.framework/Versions/A/FaceCore
0x000000019e6f8000 	/System/Library/PrivateFrameworks/GraphVisualizer.framework/Versions/A/GraphVisualizer
0x00000001ff31f000 	/System/Library/PrivateFrameworks/FontServices.framework/Versions/A/FontServices
0x000000019eb19000 	/System/Library/PrivateFrameworks/OTSVG.framework/Versions/A/OTSVG
0x000000019a045000 	/System/Library/Frameworks/ApplicationServices.framework/Versions/A/Frameworks/ATS.framework/Versions/A/Resources/libFontRegistry.dylib
0x000000019eb66000 	/System/Library/PrivateFrameworks/FontServices.framework/libhvf.dylib
0x00000001ff320000 	/System/Library/PrivateFrameworks/FontServices.framework/libXTFontStaticRegistryData.dylib
0x00000001f48ed000 	/System/Library/Frameworks/OpenCL.framework/Versions/A/OpenCL
0x000000019e560000 	/System/Library/PrivateFrameworks/AppleVA.framework/Versions/A/AppleVA
0x00000001a0704000 	/System/Library/Frameworks/ApplicationServices.framework/Versions/A/Frameworks/ATS.framework/Versions/A/ATS
0x0000000198a6b000 	/System/Library/Frameworks/ApplicationServices.framework/Versions/A/Frameworks/HIServices.framework/Versions/A/HIServices
0x000000019f56b000 	/System/Library/Frameworks/ApplicationServices.framework/Versions/A/Frameworks/PrintCore.framework/Versions/A/PrintCore
0x00000001a0a9b000 	/System/Library/Frameworks/ApplicationServices.framework/Versions/A/Frameworks/QD.framework/Versions/A/QD
0x00000001a0a93000 	/System/Library/Frameworks/ApplicationServices.framework/Versions/A/Frameworks/ColorSyncLegacy.framework/Versions/A/ColorSyncLegacy
0x00000001a06f0000 	/System/Library/Frameworks/ApplicationServices.framework/Versions/A/Frameworks/SpeechSynthesis.framework/Versions/A/SpeechSynthesis
0x000000019f52c000 	/System/Library/Frameworks/ApplicationServices.framework/Versions/A/Frameworks/ATSUI.framework/Versions/A/ATSUI
0x00000001a0a28000 	/usr/lib/libcups.2.dylib
0x00000001a0e02000 	/System/Library/Frameworks/Kerberos.framework/Versions/A/Kerberos
0x00000001a0e13000 	/System/Library/Frameworks/GSS.framework/Versions/A/GSS
0x00000001a0774000 	/usr/lib/libresolv.9.dylib
0x000000019eb75000 	/System/Library/PrivateFrameworks/Heimdal.framework/Versions/A/Heimdal
0x00000001a78e9000 	/System/Library/Frameworks/Kerberos.framework/Versions/A/Libraries/libHeimdalProxy.dylib
0x00000001996bb000 	/System/Library/Frameworks/Network.framework/Versions/A/Network
0x000000019e5c7000 	/usr/lib/libheimdal-asn1.dylib
0x00000001a0e63000 	/System/Library/PrivateFrameworks/CommonAuth.framework/Versions/A/CommonAuth
0x00000001a066a000 	/System/Library/PrivateFrameworks/AudioSession.framework/Versions/A/AudioSession
0x000000019e659000 	/System/Library/PrivateFrameworks/MediaExperience.framework/Versions/A/MediaExperience
0x00000001a04ef000 	/System/Library/PrivateFrameworks/AudioSession.framework/libSessionUtility.dylib
0x00000001a0aa7000 	/System/Library/PrivateFrameworks/AudioResourceArbitration.framework/Versions/A/AudioResourceArbitration
0x00000001a4c6a000 	/System/Library/PrivateFrameworks/PowerLog.framework/Versions/A/PowerLog
0x000000019e5d1000 	/System/Library/PrivateFrameworks/IconFoundation.framework/Versions/A/IconFoundation
0x00000001a39b3000 	/System/Library/PrivateFrameworks/SpeechRecognitionCore.framework/Versions/A/SpeechRecognitionCore
0x0000000104294000 	/Library/Java/JavaVirtualMachines/jdk-18.0.2.1.jdk/Contents/Home/lib/server/libjvm.dylib
0x0000000103020000 	/Library/Java/JavaVirtualMachines/jdk-18.0.2.1.jdk/Contents/Home/lib/libjimage.dylib
0x000000010304c000 	/Library/Java/JavaVirtualMachines/jdk-18.0.2.1.jdk/Contents/Home/lib/libinstrument.dylib
0x0000000103098000 	/Library/Java/JavaVirtualMachines/jdk-18.0.2.1.jdk/Contents/Home/lib/libjava.dylib
0x0000000103260000 	/Library/Java/JavaVirtualMachines/jdk-18.0.2.1.jdk/Contents/Home/lib/libnio.dylib
0x000000010402c000 	/Library/Java/JavaVirtualMachines/jdk-18.0.2.1.jdk/Contents/Home/lib/libnet.dylib
0x0000000103080000 	/Library/Java/JavaVirtualMachines/jdk-18.0.2.1.jdk/Contents/Home/lib/libzip.dylib
0x000000010404c000 	/Library/Java/JavaVirtualMachines/jdk-18.0.2.1.jdk/Contents/Home/lib/libextnet.dylib
0x0000000104060000 	/Users/feder/Workspace/JavaLibrary/javafx-sdk-19/lib/libprism_es2.dylib
0x000000019580e000 	/System/Library/PrivateFrameworks/CoreServicesInternal.framework/Versions/A/CoreServicesInternal
0x00000001f4756000 	/System/Library/Frameworks/OpenGL.framework/Versions/A/Resources/GLEngine.bundle/GLEngine
0x00000001f45de000 	/System/Library/Frameworks/OpenGL.framework/Versions/A/Libraries/libGLProgrammability.dylib
0x000000011dbf4000 	/System/Library/Extensions/AppleMetalOpenGLRenderer.bundle/Contents/MacOS/AppleMetalOpenGLRenderer
0x00000001f48c5000 	/System/Library/Frameworks/OpenGL.framework/Versions/A/Resources/GLRendererFloat.bundle/GLRendererFloat
0x00000001f49c5000 	/System/Library/Extensions/AGXMetal13_3.bundle/Contents/MacOS/AGXMetal13_3
0x00000001b3234000 	/System/Library/PrivateFrameworks/GPURawCounter.framework/Versions/A/GPURawCounter
0x00000001ad9c1000 	/System/Library/PrivateFrameworks/IOGPU.framework/Versions/A/IOGPU
0x000000011db50000 	/Users/feder/Workspace/JavaLibrary/javafx-sdk-19/lib/libglass.dylib
0x00000001a4ec2000 	/System/Library/Frameworks/FileProvider.framework/Versions/A/FileProvider
0x0000000199488000 	/System/Library/Frameworks/Accounts.framework/Versions/A/Accounts
0x00000001a5046000 	/System/Library/PrivateFrameworks/GenerationalStorage.framework/Versions/A/GenerationalStorage
0x00000001a5c09000 	/System/Library/PrivateFrameworks/CoreSymbolication.framework/Versions/A/CoreSymbolication
0x00000001a4c5e000 	/System/Library/PrivateFrameworks/SymptomDiagnosticReporter.framework/Versions/A/SymptomDiagnosticReporter
0x0000000196aff000 	/System/Library/PrivateFrameworks/DesktopServicesPriv.framework/Versions/A/DesktopServicesPriv
0x0000000195970000 	/usr/lib/libsandbox.1.dylib
0x000000019a50a000 	/System/Library/PrivateFrameworks/UserManagement.framework/Versions/A/UserManagement
0x00000001a5bc6000 	/System/Library/PrivateFrameworks/DebugSymbols.framework/Versions/A/DebugSymbols
0x00000001a0a86000 	/System/Library/PrivateFrameworks/NetAuth.framework/Versions/A/NetAuth
0x00000001a19a4000 	/System/Library/PrivateFrameworks/Sharing.framework/Versions/A/Sharing
0x000000019a4da000 	/System/Library/PrivateFrameworks/login.framework/Versions/A/Frameworks/loginsupport.framework/Versions/A/loginsupport
0x00000001a6dfd000 	/System/Library/PrivateFrameworks/Apple80211.framework/Versions/A/Apple80211
0x000000019d662000 	/System/Library/PrivateFrameworks/AuthKit.framework/Versions/A/AuthKit
0x000000019ccea000 	/System/Library/PrivateFrameworks/CoreUtils.framework/Versions/A/CoreUtils
0x000000019cc0d000 	/System/Library/Frameworks/CoreWLAN.framework/Versions/A/CoreWLAN
0x00000001a1b14000 	/System/Library/Frameworks/IOBluetooth.framework/Versions/A/IOBluetooth
0x00000001a6e5d000 	/System/Library/PrivateFrameworks/CoreWiFi.framework/Versions/A/CoreWiFi
0x00000001a57a6000 	/System/Library/PrivateFrameworks/FrontBoardServices.framework/Versions/A/FrontBoardServices
0x00000001a583e000 	/System/Library/PrivateFrameworks/BoardServices.framework/Versions/A/BoardServices
0x000000019cefd000 	/System/Library/PrivateFrameworks/AssertionServices.framework/Versions/A/AssertionServices
0x00000001a6fda000 	/System/Library/PrivateFrameworks/BackBoardServices.framework/Versions/A/BackBoardServices
0x00000001a0efa000 	/System/Library/PrivateFrameworks/CorePhoneNumbers.framework/Versions/A/CorePhoneNumbers
0x00000001a07a1000 	/System/Library/PrivateFrameworks/MultiverseSupport.framework/Versions/A/MultiverseSupport
0x00000001a725c000 	/System/Library/PrivateFrameworks/RemoteServiceDiscovery.framework/Versions/A/RemoteServiceDiscovery
0x00000001a4d8e000 	/System/Library/PrivateFrameworks/DiskManagement.framework/Versions/A/DiskManagement
0x00000001a4c91000 	/System/Library/PrivateFrameworks/AppleIDAuthSupport.framework/Versions/A/AppleIDAuthSupport
0x00000001f9884000 	/System/Library/PrivateFrameworks/AAAFoundation.framework/Versions/A/AAAFoundation
0x00000001a0ed9000 	/System/Library/PrivateFrameworks/KeychainCircle.framework/Versions/A/KeychainCircle
0x00000001a726c000 	/System/Library/PrivateFrameworks/RemoteXPC.framework/Versions/A/RemoteXPC
0x00000001a4d5a000 	/System/Library/PrivateFrameworks/MediaKit.framework/Versions/A/MediaKit
0x00000001a4c9e000 	/System/Library/Frameworks/DiscRecording.framework/Versions/A/DiscRecording
0x000000019e4dc000 	/usr/lib/libCoreStorage.dylib
0x00000001a72d8000 	/usr/lib/libcsfde.dylib
0x00000001a1be9000 	/System/Library/PrivateFrameworks/ProtectedCloudStorage.framework/Versions/A/ProtectedCloudStorage
0x00000001a72d0000 	/System/Library/PrivateFrameworks/EFILogin.framework/Versions/A/EFILogin
0x00000001a506d000 	/System/Library/PrivateFrameworks/OctagonTrust.framework/Versions/A/OctagonTrust
0x00000001fe4a6000 	/System/Library/PrivateFrameworks/CoreUtilsExtras.framework/Versions/A/CoreUtilsExtras
0x00000001a4bc3000 	/System/Library/Frameworks/CoreBluetooth.framework/Versions/A/CoreBluetooth
0x00000001a796e000 	/System/Library/Frameworks/AudioUnit.framework/Versions/A/AudioUnit
0x000000019e4d4000 	/usr/lib/libMatch.1.dylib
0x00000001b771c000 	/System/Library/Frameworks/Accelerate.framework/Versions/A/Frameworks/vImage.framework/Versions/A/Libraries/libCGInterfaces.dylib
0x000000012bfe8000 	/usr/lib/libobjc-trampolines.dylib
0x000000019a1d4000 	/System/Library/PrivateFrameworks/ViewBridge.framework/Versions/A/ViewBridge
0x0000000134748000 	/Users/feder/Workspace/JavaLibrary/javafx-sdk-19/lib/libjavafx_font.dylib
0x000000019ec38000 	/System/Library/PrivateFrameworks/login.framework/Versions/A/login
0x00000001f9f38000 	/System/Library/PrivateFrameworks/AccessibilityBundles.framework/Versions/A/AccessibilityBundles
0x0000000212a94000 	/usr/lib/libRosetta.dylib


VM Arguments:
jvm_args: --module-path=/Users/feder/Workspace/JavaLibrary/javafx-sdk-19/lib --add-modules=javafx.controls,javafx.fxml -javaagent:/Applications/IntelliJ IDEA.app/Contents/lib/idea_rt.jar=51010:/Applications/IntelliJ IDEA.app/Contents/bin -Dfile.encoding=UTF-8 -Dsun.stdout.encoding=UTF-8 -Dsun.stderr.encoding=UTF-8 
java_command: server.ServerApp
java_class_path (initial): /Users/feder/Desktop/Client_Email/out/production/Client_Email:/Users/feder/Workspace/JavaLibrary/javafx-sdk-19/lib/javafx-swt.jar:/Users/feder/Workspace/JavaLibrary/javafx-sdk-19/lib/javafx.web.jar:/Users/feder/Workspace/JavaLibrary/javafx-sdk-19/lib/javafx.base.jar:/Users/feder/Workspace/JavaLibrary/javafx-sdk-19/lib/javafx.fxml.jar:/Users/feder/Workspace/JavaLibrary/javafx-sdk-19/lib/javafx.media.jar:/Users/feder/Workspace/JavaLibrary/javafx-sdk-19/lib/javafx.swing.jar:/Users/feder/Workspace/JavaLibrary/javafx-sdk-19/lib/javafx.controls.jar:/Users/feder/Workspace/JavaLibrary/javafx-sdk-19/lib/javafx.graphics.jar
Launcher Type: SUN_STANDARD

[Global flags]
     intx CICompilerCount                          = 4                                         {product} {ergonomic}
     uint ConcGCThreads                            = 2                                         {product} {ergonomic}
     uint G1ConcRefinementThreads                  = 8                                         {product} {ergonomic}
   size_t G1HeapRegionSize                         = 1048576                                   {product} {ergonomic}
    uintx GCDrainStackTargetSize                   = 64                                        {product} {ergonomic}
   size_t InitialHeapSize                          = 134217728                                 {product} {ergonomic}
   size_t MarkStackSize                            = 4194304                                   {product} {ergonomic}
   size_t MaxHeapSize                              = 2147483648                                {product} {ergonomic}
   size_t MaxNewSize                               = 1287651328                                {product} {ergonomic}
   size_t MinHeapDeltaBytes                        = 1048576                                   {product} {ergonomic}
   size_t MinHeapSize                              = 8388608                                   {product} {ergonomic}
    uintx NonNMethodCodeHeapSize                   = 5839564                                {pd product} {ergonomic}
    uintx NonProfiledCodeHeapSize                  = 122909338                              {pd product} {ergonomic}
    uintx ProfiledCodeHeapSize                     = 122909338                              {pd product} {ergonomic}
    uintx ReservedCodeCacheSize                    = 251658240                              {pd product} {ergonomic}
     bool SegmentedCodeCache                       = true                                      {product} {ergonomic}
   size_t SoftMaxHeapSize                          = 2147483648                             {manageable} {ergonomic}
     bool UseCompressedClassPointers               = true                           {product lp64_product} {ergonomic}
     bool UseCompressedOops                        = true                           {product lp64_product} {ergonomic}
     bool UseG1GC                                  = true                                      {product} {ergonomic}
     bool UseNUMA                                  = false                                     {product} {ergonomic}
     bool UseNUMAInterleaving                      = false                                     {product} {ergonomic}

Logging:
Log output configuration:
 #0: stdout all=warning uptime,level,tags foldmultilines=false
 #1: stderr all=off uptime,level,tags foldmultilines=false

Environment Variables:
PATH=/Library/Frameworks/Python.framework/Versions/3.10/bin:/usr/local/bin:/usr/bin:/bin:/usr/sbin:/sbin:/Applications/VMware Fusion.app/Contents/Public:/Library/Apple/usr/bin:/Users/feder/.local/bin:/Users/feder/FlutterDev/flutter/bin
SHELL=/bin/zsh
LC_CTYPE=it_IT.UTF-8

Signal Handlers:
   SIGSEGV: _ZL13crash_handleriP9__siginfoPv in libjvm.dylib, mask=11100110000111110111111111111111, flags=SA_RESTART|SA_SIGINFO
    SIGBUS: _ZL13crash_handleriP9__siginfoPv in libjvm.dylib, mask=11100110000111110111111111111111, flags=SA_RESTART|SA_SIGINFO
    SIGFPE: _ZL13crash_handleriP9__siginfoPv in libjvm.dylib, mask=11100110000111110111111111111111, flags=SA_RESTART|SA_SIGINFO
   SIGPIPE: _ZL17javaSignalHandleriP9__siginfoPv in libjvm.dylib, mask=11100110000111110111111111111111, flags=SA_RESTART|SA_SIGINFO
   SIGXFSZ: _ZL17javaSignalHandleriP9__siginfoPv in libjvm.dylib, mask=11100110000111110111111111111111, flags=SA_RESTART|SA_SIGINFO
    SIGILL: _ZL13crash_handleriP9__siginfoPv in libjvm.dylib, mask=11100110000111110111111111111111, flags=SA_RESTART|SA_SIGINFO
   SIGUSR2: _ZL10SR_handleriP9__siginfoP17__darwin_ucontext in libjvm.dylib, mask=00100000000000000000000000000000, flags=SA_RESTART|SA_SIGINFO
    SIGHUP: _ZL11UserHandleriPvS_ in libjvm.dylib, mask=11100110000111110111111111111111, flags=SA_RESTART|SA_SIGINFO
    SIGINT: _ZL11UserHandleriPvS_ in libjvm.dylib, mask=11100110000111110111111111111111, flags=SA_RESTART|SA_SIGINFO
   SIGTERM: _ZL11UserHandleriPvS_ in libjvm.dylib, mask=11100110000111110111111111111111, flags=SA_RESTART|SA_SIGINFO
   SIGQUIT: _ZL11UserHandleriPvS_ in libjvm.dylib, mask=11100110000111110111111111111111, flags=SA_RESTART|SA_SIGINFO
   SIGTRAP: _ZL13crash_handleriP9__siginfoPv in libjvm.dylib, mask=11100110000111110111111111111111, flags=SA_RESTART|SA_SIGINFO


---------------  S Y S T E M  ---------------

OS:
uname: Darwin 21.6.0 Darwin Kernel Version 21.6.0: Thu Sep 29 20:13:46 PDT 2022; root:xnu-8020.240.7~1/RELEASE_ARM64_T8101 arm64
OS uptime: 2 days 0:09 hours
rlimit (soft/hard): STACK 8176k/65520k , CORE 0k/infinity , NPROC 1333/2000 , NOFILE 10240/infinity , AS infinity/infinity , CPU infinity/infinity , DATA infinity/infinity , FSIZE infinity/infinity , MEMLOCK infinity/infinity , RSS infinity/infinity
load average: 3.09 2.13 1.65

CPU: total 8 (initial active 8) 0x61:0x0:0x1b588bb3:0, fp, simd, aes, pmull, crc, lse

Memory: 16k page, physical 8388608k(66144k free), swap 0k(0k free)

vm_info: Java HotSpot(TM) 64-Bit Server VM (18.0.2.1+1-1) for bsd-aarch64 JRE (18.0.2.1+1-1), built on Aug 16 2022 00:50:09 by "mach5one" with clang Apple LLVM 12.0.0 (clang-1200.0.32.29)

END.
